<?xml version="1.0" encoding="utf-8" ?>
<!-- DO NOT EDIT THIS FILE -->

<log version='2.0' source='tcet'>
	<!-- Sampling enabled with the following: -->
	<!--     Budget                              5: -->
	<!--     Overdraft Budget                   75: -->
	<!--     Savings Budget                      2: -->
	<!-- Opened annotation file C:\Program Files (x86)\Intel\oneAPI\inspector\2021.2.0\bin32\..\config\tc\qt.ant -->
	<!-- Opened annotation file C:\Program Files (x86)\Intel\oneAPI\inspector\2021.2.0\bin32\..\config\tc\cpp11.ant -->
	<!-- Opened annotation file C:\Program Files (x86)\Intel\oneAPI\inspector\2021.2.0\bin32\..\config\tc\cpp11_atomics.ant -->
	<!-- Opened annotation file C:\Program Files (x86)\Intel\oneAPI\inspector\2021.2.0\bin32\..\config\tc\fortran.ant -->
	<!-- Opened annotation file C:\Program Files (x86)\Intel\oneAPI\inspector\2021.2.0\bin32\..\config\tc\icl.ant -->
	<!-- Opened annotation file C:\Program Files (x86)\Intel\oneAPI\inspector\2021.2.0\bin32\..\config\tc\allocators.ant -->
	<!-- Opened annotation file C:\Program Files (x86)\Intel\oneAPI\inspector\2021.2.0\bin32\..\config\tc\boost.ant -->
	<!-- Opened annotation file C:\Program Files (x86)\Intel\oneAPI\inspector\2021.2.0\bin32\..\config\tc\system_api_filter.ant -->
	<!-- Opened annotation file C:\Program Files (x86)\Intel\oneAPI\inspector\2021.2.0\bin32\..\config\tc\system_api.ant -->
	<msg id='1' display='false' source='tccore'>
		<type>START</type>
		<severity>INFO</severity>
		<timestamp>Fri Jun 18 16:16:32 2021</timestamp>
	</msg>
	<!-- Successfully loaded CCRT 13.10.0 at address 0x7bab0000 - 0x7bdc3000 -->
	<!-- Successfully loaded the TC Analysis Core 8.18.2 at address 0x79d80000 - 0x79d9d000 -->
	<!-- Successfully loaded the TC Instrumentation Engine 8.18.2 at address 0x798e0000 - 0x79af0000 -->
	<!-- Environment: INTEL_LIBITTNOTIFY32=C:\Program Files (x86)\Intel\oneAPI\inspector\2021.2.0\bin32\runtime\libittnotify.dll -->
	<!-- Environment: INTEL_LIBITTNOTIFY64=C:\Program Files (x86)\Intel\oneAPI\inspector\2021.2.0\bin64\runtime\libittnotify.dll -->
	<!-- Environment: INTEL_JIT_PROFILER32=C:\Program Files (x86)\Intel\oneAPI\inspector\2021.2.0\bin32\pinjitprofiling.dll -->
	<!-- Environment: INTEL_JIT_PROFILER64=C:\Program Files (x86)\Intel\oneAPI\inspector\2021.2.0\bin64\pinjitprofiling.dll -->
	<!-- This is the instance of interest -->
	<msg id='2' source='tcet'>
		<type>EXEC_OF_INTEREST</type>
		<severity>INFO</severity>
		<timestamp>Fri Jun 18 16:16:32 2021</timestamp>
		<arg name='process'>c:\users\hp\desktop\github\application-programming-on-the-ips-system\dz4\release\dz4.exe</arg>
		<arg name='pid'>17768</arg>
	</msg>
	<msg id='3' source='tcet'>
		<type>LOAD_MODULE</type>
		<severity>INFO</severity>
		<timestamp>Fri Jun 18 16:16:32 2021</timestamp>
		<arg name='module'>c:\users\hp\desktop\github\application-programming-on-the-ips-system\dz4\release\dz4.exe</arg>
		<arg name='basement'>0xb00000</arg>
		<arg name='ceiling'>0xb07fff</arg>
		<arg name='id'>2</arg>
	</msg>
	<msg id='4' source='tcet'>
		<type>LOAD_MODULE</type>
		<severity>INFO</severity>
		<timestamp>Fri Jun 18 16:16:32 2021</timestamp>
		<arg name='module'>c:\windows\syswow64\kernel32.dll</arg>
		<arg name='basement'>0x75bd0000</arg>
		<arg name='ceiling'>0x75cbffff</arg>
		<arg name='id'>3</arg>
	</msg>
	<!-- Target OS: Win8 or Server 2K2012 or later -->
	<msg id='5' source='tcet'>
		<type>LOAD_MODULE</type>
		<severity>INFO</severity>
		<timestamp>Fri Jun 18 16:16:32 2021</timestamp>
		<arg name='module'>c:\windows\syswow64\kernelbase.dll</arg>
		<arg name='basement'>0x76500000</arg>
		<arg name='ceiling'>0x76713fff</arg>
		<arg name='id'>4</arg>
	</msg>
	<!-- Target OS: Win8 or Server 2K2012 or later -->
	<msg id='6' source='tcet'>
		<type>LOAD_MODULE</type>
		<severity>INFO</severity>
		<timestamp>Fri Jun 18 16:16:33 2021</timestamp>
		<arg name='module'>c:\windows\syswow64\ntdll.dll</arg>
		<arg name='basement'>0x77630000</arg>
		<arg name='ceiling'>0x777d2fff</arg>
		<arg name='id'>5</arg>
	</msg>
	<!-- Target OS: Win8 or Server 2K2012 or later -->
	<msg id='7' source='tcet'>
		<type>LOAD_MODULE</type>
		<severity>INFO</severity>
		<timestamp>Fri Jun 18 16:16:34 2021</timestamp>
		<arg name='module'>c:\windows\syswow64\ucrtbase.dll</arg>
		<arg name='basement'>0x75f20000</arg>
		<arg name='ceiling'>0x7603ffff</arg>
		<arg name='id'>6</arg>
	</msg>
	<msg id='8' source='tcet'>
		<type>LOAD_MODULE</type>
		<severity>INFO</severity>
		<timestamp>Fri Jun 18 16:16:34 2021</timestamp>
		<arg name='module'>c:\windows\syswow64\vcruntime140.dll</arg>
		<arg name='basement'>0x74a50000</arg>
		<arg name='ceiling'>0x74a63fff</arg>
		<arg name='id'>7</arg>
	</msg>
	<msg id='9' source='tcet'>
		<type>LOAD_MODULE</type>
		<severity>INFO</severity>
		<timestamp>Fri Jun 18 16:16:34 2021</timestamp>
		<arg name='module'>c:\windows\syswow64\msvcp140.dll</arg>
		<arg name='basement'>0x79fa0000</arg>
		<arg name='ceiling'>0x7a00cfff</arg>
		<arg name='id'>8</arg>
	</msg>
	<msg id='10' source='tccore'>
		<type>UNSUPPORTED_MODULE</type>
		<severity>WARNING</severity>
		<timestamp>Fri Jun 18 16:16:37 2021</timestamp>
		<arg name='desc'>Microsoft Parallel Patterns Library</arg>
	</msg>
	<msg id='11' display='false' source='tcet'>
		<type>HEARTBEAT</type>
		<severity>INFO</severity>
		<timestamp>Fri Jun 18 16:16:39 2021</timestamp>
		<arg name='tids'>17124,11904,6148,8716</arg>
		<arg name='syscalls'>1,1,1,0</arg>
		<arg name='calls'>270,648,1504,32253</arg>
	</msg>
	<msg id='12' display='false' source='tcet'>
		<type>HEARTBEAT</type>
		<severity>INFO</severity>
		<timestamp>Fri Jun 18 16:16:40 2021</timestamp>
		<arg name='tids'>17124,11904,6148,8716</arg>
		<arg name='syscalls'>1,1,1,0</arg>
		<arg name='calls'>0,0,0,60068</arg>
	</msg>
	<msg id='13' display='false' source='tcet'>
		<type>HEARTBEAT</type>
		<severity>INFO</severity>
		<timestamp>Fri Jun 18 16:16:41 2021</timestamp>
		<arg name='tids'>17124,11904,6148,8716</arg>
		<arg name='syscalls'>1,1,1,0</arg>
		<arg name='calls'>0,0,0,8246</arg>
	</msg>
	<msg id='14' source='tcet'>
		<type>LOAD_MODULE</type>
		<severity>INFO</severity>
		<timestamp>Fri Jun 18 16:16:42 2021</timestamp>
		<arg name='module'>c:\windows\syswow64\kernel.appcore.dll</arg>
		<arg name='basement'>0x750b0000</arg>
		<arg name='ceiling'>0x750befff</arg>
		<arg name='id'>9</arg>
	</msg>
	<msg id='15' source='tcet'>
		<type>LOAD_MODULE</type>
		<severity>INFO</severity>
		<timestamp>Fri Jun 18 16:16:42 2021</timestamp>
		<arg name='module'>c:\windows\syswow64\msvcrt.dll</arg>
		<arg name='basement'>0x75950000</arg>
		<arg name='ceiling'>0x75a0efff</arg>
		<arg name='id'>10</arg>
	</msg>
	<msg id='16' source='tcet'>
		<type>LOAD_MODULE</type>
		<severity>INFO</severity>
		<timestamp>Fri Jun 18 16:16:42 2021</timestamp>
		<arg name='module'>c:\windows\syswow64\rpcrt4.dll</arg>
		<arg name='basement'>0x75d30000</arg>
		<arg name='ceiling'>0x75deffff</arg>
		<arg name='id'>11</arg>
	</msg>
	<msg id='17' display='false' source='tcet'>
		<type>HEARTBEAT</type>
		<severity>INFO</severity>
		<timestamp>Fri Jun 18 16:16:42 2021</timestamp>
		<arg name='tids'>17124,11904,6148,8716</arg>
		<arg name='syscalls'>1,1,1,0</arg>
		<arg name='calls'>552,0,237,27681</arg>
	</msg>
	<!-- A thread end notification for 2 was received by thread 0 -->
	<!-- A thread end notification for 3 was received by thread 0 -->
	<!-- A thread end notification for 4 was received by thread 0 -->
	<!-- Thread 0 effective sampling rate is 53122/1038039 -->
	<msg id='18' source='tcet'>
		<type>UNLOAD_MODULE</type>
		<severity>INFO</severity>
		<timestamp>Fri Jun 18 16:16:44 2021</timestamp>
		<arg name='module'>c:\users\hp\desktop\github\application-programming-on-the-ips-system\dz4\release\dz4.exe</arg>
		<arg name='id'>2</arg>
	</msg>
	<msg id='19' source='tcet'>
		<type>UNLOAD_MODULE</type>
		<severity>INFO</severity>
		<timestamp>Fri Jun 18 16:16:44 2021</timestamp>
		<arg name='module'>c:\windows\syswow64\kernel32.dll</arg>
		<arg name='id'>3</arg>
	</msg>
	<msg id='20' source='tcet'>
		<type>UNLOAD_MODULE</type>
		<severity>INFO</severity>
		<timestamp>Fri Jun 18 16:16:44 2021</timestamp>
		<arg name='module'>c:\windows\syswow64\kernelbase.dll</arg>
		<arg name='id'>4</arg>
	</msg>
	<msg id='21' source='tcet'>
		<type>UNLOAD_MODULE</type>
		<severity>INFO</severity>
		<timestamp>Fri Jun 18 16:16:44 2021</timestamp>
		<arg name='module'>c:\windows\syswow64\ntdll.dll</arg>
		<arg name='id'>5</arg>
	</msg>
	<msg id='22' source='tcet'>
		<type>UNLOAD_MODULE</type>
		<severity>INFO</severity>
		<timestamp>Fri Jun 18 16:16:44 2021</timestamp>
		<arg name='module'>c:\windows\syswow64\ucrtbase.dll</arg>
		<arg name='id'>6</arg>
	</msg>
	<msg id='23' source='tcet'>
		<type>UNLOAD_MODULE</type>
		<severity>INFO</severity>
		<timestamp>Fri Jun 18 16:16:44 2021</timestamp>
		<arg name='module'>c:\windows\syswow64\vcruntime140.dll</arg>
		<arg name='id'>7</arg>
	</msg>
	<msg id='24' source='tcet'>
		<type>UNLOAD_MODULE</type>
		<severity>INFO</severity>
		<timestamp>Fri Jun 18 16:16:44 2021</timestamp>
		<arg name='module'>c:\windows\syswow64\msvcp140.dll</arg>
		<arg name='id'>8</arg>
	</msg>
	<msg id='25' source='tcet'>
		<type>UNLOAD_MODULE</type>
		<severity>INFO</severity>
		<timestamp>Fri Jun 18 16:16:44 2021</timestamp>
		<arg name='module'>c:\windows\syswow64\kernel.appcore.dll</arg>
		<arg name='id'>9</arg>
	</msg>
	<msg id='26' source='tcet'>
		<type>UNLOAD_MODULE</type>
		<severity>INFO</severity>
		<timestamp>Fri Jun 18 16:16:44 2021</timestamp>
		<arg name='module'>c:\windows\syswow64\msvcrt.dll</arg>
		<arg name='id'>10</arg>
	</msg>
	<msg id='27' source='tcet'>
		<type>UNLOAD_MODULE</type>
		<severity>INFO</severity>
		<timestamp>Fri Jun 18 16:16:44 2021</timestamp>
		<arg name='module'>c:\windows\syswow64\rpcrt4.dll</arg>
		<arg name='id'>11</arg>
	</msg>
	<msg id='28' source='tcet'>
		<type>PROCESS_TERMINATE</type>
		<severity>INFO</severity>
		<timestamp>Fri Jun 18 16:16:44 2021</timestamp>
		<arg name='process'>c:\users\hp\desktop\github\application-programming-on-the-ips-system\dz4\release\dz4.exe</arg>
		<arg name='pid'>17768</arg>
	</msg>
	<msg id='29' display='false' source='tccore'>
		<type>ANALYSIS_COMPLETE</type>
		<severity>INFO</severity>
		<timestamp>Fri Jun 18 16:16:44 2021</timestamp>
	</msg>
	<msg id='30' display='false' source='tccore'>
		<type>STOP</type>
		<severity>INFO</severity>
		<timestamp>Fri Jun 18 16:16:44 2021</timestamp>
	</msg>
</log>