<?xml version="1.0" encoding="utf-8"?>
<log version="1.0" tool="runtool">

<msg id="1" tool="runtool">
  <type>log-start</type>
  <arg>2021/06/18 16:02:53</arg>
</msg>
<msg id="2" tool="runtool">
  <type>collector-starts</type>
</msg>
<msg id="3" tool="runtool">
  <type>marker-file</type>
  <arg>C:\Users\HP\Desktop\GitHub\application-programming-on-the-IPS-system\DZ4\My Inspector Results - DZ4\r002ti3\r002ti3.inspxe</arg>
</msg>
<msg id="4" tool="tc">
  <type>START</type>
  <severity>INFO</severity>
  <timestamp>Fri Jun 18 16:02:54 2021</timestamp>
</msg>
<msg id="5" tool="tc">
  <type>EXEC_OF_INTEREST</type>
  <arg>c:\users\hp\desktop\github\application-programming-on-the-ips-system\dz4\release\dz4.exe</arg>
  <arg>17176</arg>
  <severity>INFO</severity>
  <timestamp>Fri Jun 18 16:02:54 2021</timestamp>
</msg>
<msg id="6" tool="tc">
  <type>LOAD_MODULE</type>
  <arg>c:\users\hp\desktop\github\application-programming-on-the-ips-system\dz4\release\dz4.exe</arg>
  <arg>0xf30000</arg>
  <arg>0xf37fff</arg>
  <arg>2</arg>
  <severity>INFO</severity>
  <timestamp>Fri Jun 18 16:02:54 2021</timestamp>
</msg>
<msg id="7" tool="tc">
  <type>LOAD_MODULE</type>
  <arg>c:\windows\syswow64\kernel32.dll</arg>
  <arg>0x75bd0000</arg>
  <arg>0x75cbffff</arg>
  <arg>3</arg>
  <severity>INFO</severity>
  <timestamp>Fri Jun 18 16:02:54 2021</timestamp>
</msg>
<msg id="8" tool="tc">
  <type>LOAD_MODULE</type>
  <arg>c:\windows\syswow64\kernelbase.dll</arg>
  <arg>0x76500000</arg>
  <arg>0x76713fff</arg>
  <arg>4</arg>
  <severity>INFO</severity>
  <timestamp>Fri Jun 18 16:02:54 2021</timestamp>
</msg>
<msg id="9" tool="tc">
  <type>LOAD_MODULE</type>
  <arg>c:\windows\syswow64\ntdll.dll</arg>
  <arg>0x77630000</arg>
  <arg>0x777d2fff</arg>
  <arg>5</arg>
  <severity>INFO</severity>
  <timestamp>Fri Jun 18 16:02:54 2021</timestamp>
</msg>
<msg id="10" tool="tc">
  <type>LOAD_MODULE</type>
  <arg>c:\windows\syswow64\ucrtbase.dll</arg>
  <arg>0x75f20000</arg>
  <arg>0x7603ffff</arg>
  <arg>6</arg>
  <severity>INFO</severity>
  <timestamp>Fri Jun 18 16:02:55 2021</timestamp>
</msg>
<msg id="11" tool="tc">
  <type>LOAD_MODULE</type>
  <arg>c:\windows\syswow64\msvcp140.dll</arg>
  <arg>0xce50000</arg>
  <arg>0xcebcfff</arg>
  <arg>7</arg>
  <severity>INFO</severity>
  <timestamp>Fri Jun 18 16:02:56 2021</timestamp>
</msg>
<msg id="12" tool="tc">
  <type>LOAD_MODULE</type>
  <arg>c:\windows\syswow64\vcruntime140.dll</arg>
  <arg>0x74a50000</arg>
  <arg>0x74a63fff</arg>
  <arg>8</arg>
  <severity>INFO</severity>
  <timestamp>Fri Jun 18 16:02:57 2021</timestamp>
</msg>
<msg id="13" tool="tc">
  <type>UNLOAD_MODULE</type>
  <arg>c:\windows\syswow64\msvcp140.dll</arg>
  <arg>7</arg>
  <severity>INFO</severity>
  <timestamp>Fri Jun 18 16:02:57 2021</timestamp>
</msg>
<msg id="14" tool="tc">
  <type>LOAD_MODULE</type>
  <arg>c:\windows\syswow64\msvcp140.dll</arg>
  <arg>0x68e70000</arg>
  <arg>0x68edcfff</arg>
  <arg>9</arg>
  <severity>INFO</severity>
  <timestamp>Fri Jun 18 16:02:57 2021</timestamp>
</msg>
<msg id="15" tool="tc">
  <type>UNSUPPORTED_MODULE</type>
  <arg>Microsoft Parallel Patterns Library</arg>
  <severity>WARNING</severity>
  <timestamp>Fri Jun 18 16:03:00 2021</timestamp>
</msg>
<msg id="16" tool="tc">
  <type>HEARTBEAT</type>
  <arg>6132,16300,15624,15540</arg>
  <arg>1,1,1,1</arg>
  <arg>284,569,925,49674</arg>
  <severity>INFO</severity>
  <timestamp>Fri Jun 18 16:03:02 2021</timestamp>
</msg>
<msg id="17" tool="tc">
  <type>HEARTBEAT</type>
  <arg>6132,16300,15624,15540</arg>
  <arg>1,1,1,0</arg>
  <arg>0,0,0,43140</arg>
  <severity>INFO</severity>
  <timestamp>Fri Jun 18 16:03:03 2021</timestamp>
</msg>
<msg id="18" tool="tc">
  <type>HEARTBEAT</type>
  <arg>6132,16300,15624,15540</arg>
  <arg>1,1,1,0</arg>
  <arg>0,0,0,2657</arg>
  <severity>INFO</severity>
  <timestamp>Fri Jun 18 16:03:04 2021</timestamp>
</msg>
<msg id="19" tool="tc">
  <type>HEARTBEAT</type>
  <arg>6132,16300,15624,15540</arg>
  <arg>1,1,1,0</arg>
  <arg>0,0,0,30300</arg>
  <severity>INFO</severity>
  <timestamp>Fri Jun 18 16:03:05 2021</timestamp>
</msg>
<msg id="20" tool="tc">
  <type>LOAD_MODULE</type>
  <arg>c:\windows\syswow64\kernel.appcore.dll</arg>
  <arg>0x750b0000</arg>
  <arg>0x750befff</arg>
  <arg>10</arg>
  <severity>INFO</severity>
  <timestamp>Fri Jun 18 16:03:05 2021</timestamp>
</msg>
<msg id="21" tool="tc">
  <type>LOAD_MODULE</type>
  <arg>c:\windows\syswow64\msvcrt.dll</arg>
  <arg>0x75950000</arg>
  <arg>0x75a0efff</arg>
  <arg>11</arg>
  <severity>INFO</severity>
  <timestamp>Fri Jun 18 16:03:05 2021</timestamp>
</msg>
<msg id="22" tool="tc">
  <type>LOAD_MODULE</type>
  <arg>c:\windows\syswow64\rpcrt4.dll</arg>
  <arg>0x75d30000</arg>
  <arg>0x75deffff</arg>
  <arg>12</arg>
  <severity>INFO</severity>
  <timestamp>Fri Jun 18 16:03:05 2021</timestamp>
</msg>
<msg id="23" tool="tc">
  <type>HEARTBEAT</type>
  <arg>6132,16300,15624,15540</arg>
  <arg>1,1,1,0</arg>
  <arg>0,236,553,3405</arg>
  <severity>INFO</severity>
  <timestamp>Fri Jun 18 16:03:06 2021</timestamp>
</msg>
<msg id="24" tool="tc">
  <type>UNLOAD_MODULE</type>
  <arg>c:\users\hp\desktop\github\application-programming-on-the-ips-system\dz4\release\dz4.exe</arg>
  <arg>2</arg>
  <severity>INFO</severity>
  <timestamp>Fri Jun 18 16:03:08 2021</timestamp>
</msg>
<msg id="25" tool="tc">
  <type>UNLOAD_MODULE</type>
  <arg>c:\windows\syswow64\kernel32.dll</arg>
  <arg>3</arg>
  <severity>INFO</severity>
  <timestamp>Fri Jun 18 16:03:08 2021</timestamp>
</msg>
<msg id="26" tool="tc">
  <type>UNLOAD_MODULE</type>
  <arg>c:\windows\syswow64\kernelbase.dll</arg>
  <arg>4</arg>
  <severity>INFO</severity>
  <timestamp>Fri Jun 18 16:03:08 2021</timestamp>
</msg>
<msg id="27" tool="tc">
  <type>UNLOAD_MODULE</type>
  <arg>c:\windows\syswow64\ntdll.dll</arg>
  <arg>5</arg>
  <severity>INFO</severity>
  <timestamp>Fri Jun 18 16:03:08 2021</timestamp>
</msg>
<msg id="28" tool="tc">
  <type>UNLOAD_MODULE</type>
  <arg>c:\windows\syswow64\ucrtbase.dll</arg>
  <arg>6</arg>
  <severity>INFO</severity>
  <timestamp>Fri Jun 18 16:03:08 2021</timestamp>
</msg>
<msg id="29" tool="tc">
  <type>UNLOAD_MODULE</type>
  <arg>c:\windows\syswow64\vcruntime140.dll</arg>
  <arg>8</arg>
  <severity>INFO</severity>
  <timestamp>Fri Jun 18 16:03:08 2021</timestamp>
</msg>
<msg id="30" tool="tc">
  <type>UNLOAD_MODULE</type>
  <arg>c:\windows\syswow64\msvcp140.dll</arg>
  <arg>9</arg>
  <severity>INFO</severity>
  <timestamp>Fri Jun 18 16:03:08 2021</timestamp>
</msg>
<msg id="31" tool="tc">
  <type>UNLOAD_MODULE</type>
  <arg>c:\windows\syswow64\kernel.appcore.dll</arg>
  <arg>10</arg>
  <severity>INFO</severity>
  <timestamp>Fri Jun 18 16:03:08 2021</timestamp>
</msg>
<msg id="32" tool="tc">
  <type>UNLOAD_MODULE</type>
  <arg>c:\windows\syswow64\msvcrt.dll</arg>
  <arg>11</arg>
  <severity>INFO</severity>
  <timestamp>Fri Jun 18 16:03:08 2021</timestamp>
</msg>
<msg id="33" tool="tc">
  <type>UNLOAD_MODULE</type>
  <arg>c:\windows\syswow64\rpcrt4.dll</arg>
  <arg>12</arg>
  <severity>INFO</severity>
  <timestamp>Fri Jun 18 16:03:08 2021</timestamp>
</msg>
<msg id="34" tool="tc">
  <type>PROCESS_TERMINATE</type>
  <arg>c:\users\hp\desktop\github\application-programming-on-the-ips-system\dz4\release\dz4.exe</arg>
  <arg>17176</arg>
  <severity>INFO</severity>
  <timestamp>Fri Jun 18 16:03:08 2021</timestamp>
</msg>
<msg id="35" tool="tc">
  <type>ANALYSIS_COMPLETE</type>
  <severity>INFO</severity>
  <timestamp>Fri Jun 18 16:03:08 2021</timestamp>
</msg>
<msg id="36" tool="tc">
  <type>STOP</type>
  <severity>INFO</severity>
  <timestamp>Fri Jun 18 16:03:08 2021</timestamp>
</msg>
<msg id="37" tool="runtool">
  <type>app-exit-code</type>
  <arg>0</arg>
</msg>
<msg id="38" tool="runtool">
  <type>marker-file</type>
  <arg>C:\Users\HP\Desktop\GitHub\application-programming-on-the-IPS-system\DZ4\My Inspector Results - DZ4\r002ti3\r002ti3.inspxe</arg>
</msg>
<msg id="39" tool="runtool">
  <type>collector-done</type>
</msg>
<msg id="40" tool="runtool">
  <type>log-end</type>
  <arg>2021/06/18 16:03:12</arg>
</msg>

</log>

