<?xml version="1.0" encoding="utf-8"?>
<log version="1.0" tool="runtool">

<msg id="1" tool="runtool">
  <type>log-start</type>
  <arg>2021/09/20 19:06:39</arg>
</msg>
<msg id="2" tool="runtool">
  <type>collector-starts</type>
</msg>
<msg id="3" tool="runtool">
  <type>marker-file</type>
  <arg>C:\Users\HP\Desktop\GitHub\application-programming-on-the-IPS-system\DZ4\My Inspector Results - DZ4\r017ti3\r017ti3.inspxe</arg>
</msg>
<msg id="4" tool="tc">
  <type>START</type>
  <severity>INFO</severity>
  <timestamp>Mon Sep 20 19:06:39 2021</timestamp>
</msg>
<msg id="5" tool="tc">
  <type>EXEC_OF_INTEREST</type>
  <arg>c:\users\hp\desktop\github\application-programming-on-the-ips-system\dz4\debug\dz4.exe</arg>
  <arg>6452</arg>
  <severity>INFO</severity>
  <timestamp>Mon Sep 20 19:06:39 2021</timestamp>
</msg>
<msg id="6" tool="tc">
  <type>LOAD_MODULE</type>
  <arg>c:\users\hp\desktop\github\application-programming-on-the-ips-system\dz4\debug\dz4.exe</arg>
  <arg>0xde0000</arg>
  <arg>0xe03fff</arg>
  <arg>2</arg>
  <severity>INFO</severity>
  <timestamp>Mon Sep 20 19:06:39 2021</timestamp>
</msg>
<msg id="7" tool="tc">
  <type>LOAD_MODULE</type>
  <arg>c:\windows\syswow64\kernelbase.dll</arg>
  <arg>0x76a00000</arg>
  <arg>0x76c13fff</arg>
  <arg>3</arg>
  <severity>INFO</severity>
  <timestamp>Mon Sep 20 19:06:39 2021</timestamp>
</msg>
<msg id="8" tool="tc">
  <type>LOAD_MODULE</type>
  <arg>c:\windows\syswow64\kernel32.dll</arg>
  <arg>0x77600000</arg>
  <arg>0x776effff</arg>
  <arg>4</arg>
  <severity>INFO</severity>
  <timestamp>Mon Sep 20 19:06:39 2021</timestamp>
</msg>
<msg id="9" tool="tc">
  <type>LOAD_MODULE</type>
  <arg>c:\windows\syswow64\ntdll.dll</arg>
  <arg>0x77e30000</arg>
  <arg>0x77fd2fff</arg>
  <arg>5</arg>
  <severity>INFO</severity>
  <timestamp>Mon Sep 20 19:06:39 2021</timestamp>
</msg>
<msg id="10" tool="tc">
  <type>LOAD_MODULE</type>
  <arg>c:\windows\syswow64\msvcp140d.dll</arg>
  <arg>0xd570000</arg>
  <arg>0xd622fff</arg>
  <arg>6</arg>
  <severity>INFO</severity>
  <timestamp>Mon Sep 20 19:06:42 2021</timestamp>
</msg>
<msg id="11" tool="tc">
  <type>UNLOAD_MODULE</type>
  <arg>c:\windows\syswow64\msvcp140d.dll</arg>
  <arg>6</arg>
  <severity>INFO</severity>
  <timestamp>Mon Sep 20 19:06:43 2021</timestamp>
</msg>
<msg id="12" tool="tc">
  <type>LOAD_MODULE</type>
  <arg>c:\windows\syswow64\vcruntime140d.dll</arg>
  <arg>0x79a70000</arg>
  <arg>0x79a8dfff</arg>
  <arg>7</arg>
  <severity>INFO</severity>
  <timestamp>Mon Sep 20 19:06:43 2021</timestamp>
</msg>
<msg id="13" tool="tc">
  <type>LOAD_MODULE</type>
  <arg>c:\windows\syswow64\vcomp140d.dll</arg>
  <arg>0x79f10000</arg>
  <arg>0x79f3bfff</arg>
  <arg>8</arg>
  <severity>INFO</severity>
  <timestamp>Mon Sep 20 19:06:43 2021</timestamp>
</msg>
<msg id="14" tool="tc">
  <type>UNSUPPORTED_MODULE</type>
  <arg>Microsoft OpenMP Runtime module</arg>
  <severity>WARNING</severity>
  <timestamp>Mon Sep 20 19:06:43 2021</timestamp>
</msg>
<msg id="15" tool="tc">
  <type>LOAD_MODULE</type>
  <arg>c:\windows\syswow64\ucrtbased.dll</arg>
  <arg>0xd8c0000</arg>
  <arg>0xda35fff</arg>
  <arg>9</arg>
  <severity>INFO</severity>
  <timestamp>Mon Sep 20 19:06:43 2021</timestamp>
</msg>
<msg id="16" tool="tc">
  <type>UNLOAD_MODULE</type>
  <arg>c:\windows\syswow64\ucrtbased.dll</arg>
  <arg>9</arg>
  <severity>INFO</severity>
  <timestamp>Mon Sep 20 19:06:43 2021</timestamp>
</msg>
<msg id="17" tool="tc">
  <type>LOAD_MODULE</type>
  <arg>c:\windows\syswow64\msvcp140d.dll</arg>
  <arg>0xd8c0000</arg>
  <arg>0xd972fff</arg>
  <arg>10</arg>
  <severity>INFO</severity>
  <timestamp>Mon Sep 20 19:06:43 2021</timestamp>
</msg>
<msg id="18" tool="tc">
  <type>LOAD_MODULE</type>
  <arg>c:\windows\syswow64\ucrtbased.dll</arg>
  <arg>0xd980000</arg>
  <arg>0xdaf5fff</arg>
  <arg>11</arg>
  <severity>INFO</severity>
  <timestamp>Mon Sep 20 19:06:45 2021</timestamp>
</msg>
<msg id="19" tool="tc">
  <type>HEARTBEAT</type>
  <arg>11952,14840,7116,16248</arg>
  <arg>1,1,1,0</arg>
  <arg>935,860,477,39741</arg>
  <severity>INFO</severity>
  <timestamp>Mon Sep 20 19:06:51 2021</timestamp>
</msg>
<msg id="20" tool="tc">
  <type>HEARTBEAT</type>
  <arg>11952,14840,7116,16248</arg>
  <arg>1,1,1,0</arg>
  <arg>0,0,0,108812</arg>
  <severity>INFO</severity>
  <timestamp>Mon Sep 20 19:06:52 2021</timestamp>
</msg>
<msg id="21" tool="tc">
  <type>HEARTBEAT</type>
  <arg>11952,14840,7116,16248</arg>
  <arg>1,1,1,0</arg>
  <arg>0,0,0,6558</arg>
  <severity>INFO</severity>
  <timestamp>Mon Sep 20 19:06:53 2021</timestamp>
</msg>
<msg id="22" tool="tc">
  <type>HEARTBEAT</type>
  <arg>11952,14840,7116,16248</arg>
  <arg>1,1,1,0</arg>
  <arg>0,0,0,26242</arg>
  <severity>INFO</severity>
  <timestamp>Mon Sep 20 19:06:54 2021</timestamp>
</msg>
<msg id="23" tool="tc">
  <type>HEARTBEAT</type>
  <arg>11952,14840,7116,16248</arg>
  <arg>1,1,1,0</arg>
  <arg>0,0,0,31135</arg>
  <severity>INFO</severity>
  <timestamp>Mon Sep 20 19:06:55 2021</timestamp>
</msg>
<msg id="24" tool="tc">
  <type>LOAD_MODULE</type>
  <arg>c:\windows\syswow64\kernel.appcore.dll</arg>
  <arg>0x75860000</arg>
  <arg>0x7586efff</arg>
  <arg>12</arg>
  <severity>INFO</severity>
  <timestamp>Mon Sep 20 19:06:56 2021</timestamp>
</msg>
<msg id="25" tool="tc">
  <type>LOAD_MODULE</type>
  <arg>c:\windows\syswow64\msvcrt.dll</arg>
  <arg>0x75ef0000</arg>
  <arg>0x75faefff</arg>
  <arg>13</arg>
  <severity>INFO</severity>
  <timestamp>Mon Sep 20 19:06:56 2021</timestamp>
</msg>
<msg id="26" tool="tc">
  <type>HEARTBEAT</type>
  <arg>11952,14840,7116,16248</arg>
  <arg>1,1,1,1</arg>
  <arg>0,0,0,76455</arg>
  <severity>INFO</severity>
  <timestamp>Mon Sep 20 19:06:56 2021</timestamp>
</msg>
<msg id="27" tool="tc">
  <type>LOAD_MODULE</type>
  <arg>c:\windows\syswow64\rpcrt4.dll</arg>
  <arg>0x75fd0000</arg>
  <arg>0x7608efff</arg>
  <arg>14</arg>
  <severity>INFO</severity>
  <timestamp>Mon Sep 20 19:06:56 2021</timestamp>
</msg>
<msg id="28" tool="tc">
  <type>HEARTBEAT</type>
  <arg>11952,14840,7116,16248</arg>
  <arg>1,1,1,0</arg>
  <arg>789,0,0,3042</arg>
  <severity>INFO</severity>
  <timestamp>Mon Sep 20 19:06:57 2021</timestamp>
</msg>
<msg id="29" tool="tc">
  <type>UNLOAD_MODULE</type>
  <arg>c:\users\hp\desktop\github\application-programming-on-the-ips-system\dz4\debug\dz4.exe</arg>
  <arg>2</arg>
  <severity>INFO</severity>
  <timestamp>Mon Sep 20 19:06:59 2021</timestamp>
</msg>
<msg id="30" tool="tc">
  <type>UNLOAD_MODULE</type>
  <arg>c:\windows\syswow64\kernelbase.dll</arg>
  <arg>3</arg>
  <severity>INFO</severity>
  <timestamp>Mon Sep 20 19:06:59 2021</timestamp>
</msg>
<msg id="31" tool="tc">
  <type>UNLOAD_MODULE</type>
  <arg>c:\windows\syswow64\kernel32.dll</arg>
  <arg>4</arg>
  <severity>INFO</severity>
  <timestamp>Mon Sep 20 19:06:59 2021</timestamp>
</msg>
<msg id="32" tool="tc">
  <type>UNLOAD_MODULE</type>
  <arg>c:\windows\syswow64\ntdll.dll</arg>
  <arg>5</arg>
  <severity>INFO</severity>
  <timestamp>Mon Sep 20 19:06:59 2021</timestamp>
</msg>
<msg id="33" tool="tc">
  <type>UNLOAD_MODULE</type>
  <arg>c:\windows\syswow64\vcruntime140d.dll</arg>
  <arg>7</arg>
  <severity>INFO</severity>
  <timestamp>Mon Sep 20 19:06:59 2021</timestamp>
</msg>
<msg id="34" tool="tc">
  <type>UNLOAD_MODULE</type>
  <arg>c:\windows\syswow64\vcomp140d.dll</arg>
  <arg>8</arg>
  <severity>INFO</severity>
  <timestamp>Mon Sep 20 19:06:59 2021</timestamp>
</msg>
<msg id="35" tool="tc">
  <type>UNLOAD_MODULE</type>
  <arg>c:\windows\syswow64\msvcp140d.dll</arg>
  <arg>10</arg>
  <severity>INFO</severity>
  <timestamp>Mon Sep 20 19:06:59 2021</timestamp>
</msg>
<msg id="36" tool="tc">
  <type>UNLOAD_MODULE</type>
  <arg>c:\windows\syswow64\ucrtbased.dll</arg>
  <arg>11</arg>
  <severity>INFO</severity>
  <timestamp>Mon Sep 20 19:06:59 2021</timestamp>
</msg>
<msg id="37" tool="tc">
  <type>UNLOAD_MODULE</type>
  <arg>c:\windows\syswow64\kernel.appcore.dll</arg>
  <arg>12</arg>
  <severity>INFO</severity>
  <timestamp>Mon Sep 20 19:06:59 2021</timestamp>
</msg>
<msg id="38" tool="tc">
  <type>UNLOAD_MODULE</type>
  <arg>c:\windows\syswow64\msvcrt.dll</arg>
  <arg>13</arg>
  <severity>INFO</severity>
  <timestamp>Mon Sep 20 19:06:59 2021</timestamp>
</msg>
<msg id="39" tool="tc">
  <type>UNLOAD_MODULE</type>
  <arg>c:\windows\syswow64\rpcrt4.dll</arg>
  <arg>14</arg>
  <severity>INFO</severity>
  <timestamp>Mon Sep 20 19:06:59 2021</timestamp>
</msg>
<msg id="40" tool="tc">
  <type>PROCESS_TERMINATE</type>
  <arg>c:\users\hp\desktop\github\application-programming-on-the-ips-system\dz4\debug\dz4.exe</arg>
  <arg>6452</arg>
  <severity>INFO</severity>
  <timestamp>Mon Sep 20 19:06:59 2021</timestamp>
</msg>
<msg id="41" tool="tc">
  <type>ANALYSIS_COMPLETE</type>
  <severity>INFO</severity>
  <timestamp>Mon Sep 20 19:06:59 2021</timestamp>
</msg>
<msg id="42" tool="tc">
  <type>STOP</type>
  <severity>INFO</severity>
  <timestamp>Mon Sep 20 19:06:59 2021</timestamp>
</msg>
<msg id="43" tool="runtool">
  <type>app-exit-code</type>
  <arg>0</arg>
</msg>
<msg id="44" tool="runtool">
  <type>marker-file</type>
  <arg>C:\Users\HP\Desktop\GitHub\application-programming-on-the-IPS-system\DZ4\My Inspector Results - DZ4\r017ti3\r017ti3.inspxe</arg>
</msg>
<msg id="45" tool="runtool">
  <type>collector-done</type>
</msg>
<msg id="46" tool="runtool">
  <type>log-end</type>
  <arg>2021/09/20 19:07:02</arg>
</msg>

</log>

