<?xml version="1.0" encoding="utf-8" ?>
<!-- DO NOT EDIT THIS FILE -->

<log version='2.0' source='mc'>
	<!-- Successfully loaded CCRT at address 0x79370000 - 0x79682000 -->
	<!-- Successfully loaded MC at address 0x7af70000 - 0x7b34a000 -->
	<!-- Analysis started for c:\users\hp\desktop\github\application-programming-on-the-ips-system\dz4\debug\dz4.exe, pid = 17504 -->
	<msg id='1' source='mc'>
		<type>EXEC_OF_INTEREST</type>
		<severity>INFO</severity>
		<timestamp>Mon Sep 20 19:05:17 2021</timestamp>
		<arg name='path'>c:\users\hp\desktop\github\application-programming-on-the-ips-system\dz4\debug\dz4.exe</arg>
		<arg name='pid'>17504</arg>
	</msg>
	<!-- Command line: C:\Program Files (x86)\Intel\oneAPI\inspector\2021.2.0\bin32\pin -xyzzy -mesgoff console -xyzzy -bridge_save_x87 0 -bridge_save_mxcsr 0 -follow_execv -error_file C:\Users\HP\Desktop\GitHub\application-programming-on-the-IPS-system\DZ4\My Inspector Results - DZ4\r016mi3\data.0\pin_error.log -logfile C:\Users\HP\Desktop\GitHub\application-programming-on-the-IPS-system\DZ4\My Inspector Results - DZ4\r016mi3\data.0\pin.log -xyzzy -region_max_inss 500 -p64 C:\Program Files (x86)\Intel\oneAPI\inspector\2021.2.0\bin64\pin -t64 C:\Program Files (x86)\Intel\oneAPI\inspector\2021.2.0\bin64\memchkr.dll -t C:\Program Files (x86)\Intel\oneAPI\inspector\2021.2.0\bin32\memchkr.dll -no-analyze-stack -access-checks -leak-check-on-exit -leak-check-on-demand -enable-memory-growth -leak-check-report-reachable -check-resource-leaks -freelist-vol 1000000 -leak-maximum 100000 -guard-zone-size 32 -stack-depth 16 -heartbeat 1 -mrte-mode auto -working-dir C:\Users\HP\Desktop\GitHub\application-programming-on-the-IPS-system\DZ4\My Inspector Results - DZ4\r016mi3\data.0 -support_jit_api -log mc_DZ4.log -result DZ4 - C:\Users\HP\Desktop\GitHub\application-programming-on-the-IPS-system\DZ4\Debug\DZ4.exe  -->
	<!-- mc's options are the following:  -->
	<!-- -help                              false -->
	<!-- -verbose                           false -->
	<!-- -xyzzy                             false -->
	<!-- -version                           false -->
	<!-- -help-all                          false -->
	<!-- -xyzzy-all                         false -->
	<!-- -report-all-instances              false -->
	<!-- -check-for-padded-structures       true -->
	<!-- -check-for-bitfields               true -->
	<!-- -analyze-stack                     false -->
	<!-- -access-checks                     true -->
	<!-- -track-origins                     true -->
	<!-- -duplicate-uninits                 false -->
	<!-- -bss-initialized                   true -->
	<!-- -align-alloc-size                  false -->
	<!-- -report-uninit-read                false -->
	<!-- -ignore-system-libraries           false -->
	<!-- -gen-suppressions                  false -->
	<!-- -leak-check-on-exit                true -->
	<!-- -leak-check-on-demand              true -->
	<!-- -leak-check-uses-baseline          true -->
	<!-- -enable-memory-growth              true -->
	<!-- -leak-check-report-reachable       true -->
	<!-- -leak-check-full                   true -->
	<!-- -check-resource-leaks              true -->
	<!-- -trace-children                    false -->
	<!-- -enable-poke                       false -->
	<!-- -jit-mode-anyway                   false -->
	<!-- -disable-probe-mode-mismatches-64  true -->
	<!-- -aggressive-callstack-caching      false -->
	<!-- -suppress-breakpoints              false -->
	<!-- -monitor-memory                    false -->
	<!-- -freelist-vol                      1000000 -->
	<!-- -leak-maximum                      100000 -->
	<!-- -guard-zone-size                   32 -->
	<!-- -stack-depth                       16 -->
	<!-- -heartbeat                         1 -->
	<!-- -breakpoint-file                   (null) -->
	<!-- -config-file                       (null) -->
	<!-- -log                               mc_dz4.log -->
	<!-- -ignore-commands                   (null),  -->
	<!-- -ignore-modules                    (null),  -->
	<!-- -ignore-symbols                    (null),  -->
	<!-- -module-of-interest                (null),  -->
	<!-- -executable-of-interest            (null),  -->
	<!-- -working-dir                       c:\users\hp\desktop\github\application-programming-on-the-ips-system\dz4\my inspector results - dz4\r016mi3\data.0 -->
	<!-- -result                            dz4 -->
	<!-- -exclude-module                    (null),  -->
	<!-- -include-module                    (null),  -->
	<!-- -only-exec-commands                (null),  -->
	<!-- -suppressions                      (null),  -->
	<!-- -debug                             none -->
	<!-- -shared-mem-name                   (null) -->
	<!-- -poke-function                     (null),  -->
	<!-- -analysis-mode                     (null) -->
	<!-- -disable-gatekeeping               false -->
	<!-- -ignore-os-allocators              false -->
	<!-- -mrte-mode                         auto -->
	<!-- probe mode: no -->
	<!-- mem leaks checks: yes -->
	<!-- res leaks checks: yes -->
	<!-- access checks: yes -->
	<!-- track origin: yes -->
	<!-- Environment: INTEL_LIBITTNOTIFY32=C:\Program Files (x86)\Intel\oneAPI\inspector\2021.2.0\bin32\runtime\libittnotify.dll -->
	<!-- Environment: INTEL_LIBITTNOTIFY64=C:\Program Files (x86)\Intel\oneAPI\inspector\2021.2.0\bin64\runtime\libittnotify.dll -->
	<!-- Environment: INTEL_JIT_PROFILER32=C:\Program Files (x86)\Intel\oneAPI\inspector\2021.2.0\bin32\pinjitprofiling.dll -->
	<!-- Environment: INTEL_JIT_PROFILER64=C:\Program Files (x86)\Intel\oneAPI\inspector\2021.2.0\bin64\pinjitprofiling.dll -->
	<!-- Module loaded c:\users\hp\desktop\github\application-programming-on-the-ips-system\dz4\debug\dz4.exe, address range [0x00de0000-0x00e03fff] -->
	<msg id='2' source='mc'>
		<type>MODULE_LOAD</type>
		<severity>INFO</severity>
		<timestamp>Mon Sep 20 19:05:17 2021</timestamp>
		<arg name='path'>c:\users\hp\desktop\github\application-programming-on-the-ips-system\dz4\debug\dz4.exe</arg>
		<arg name='addr1'>0xde0000</arg>
		<arg name='addr2'>0xe03fff</arg>
	</msg>
	<!-- Module loaded c:\windows\syswow64\kernelbase.dll, address range [0x76a00000-0x76c13fff] -->
	<msg id='3' source='mc'>
		<type>MODULE_LOAD</type>
		<severity>INFO</severity>
		<timestamp>Mon Sep 20 19:05:17 2021</timestamp>
		<arg name='path'>c:\windows\syswow64\kernelbase.dll</arg>
		<arg name='addr1'>0x76a00000</arg>
		<arg name='addr2'>0x76c13fff</arg>
	</msg>
	<!-- Module loaded c:\windows\syswow64\kernel32.dll, address range [0x77600000-0x776effff] -->
	<msg id='4' source='mc'>
		<type>MODULE_LOAD</type>
		<severity>INFO</severity>
		<timestamp>Mon Sep 20 19:05:17 2021</timestamp>
		<arg name='path'>c:\windows\syswow64\kernel32.dll</arg>
		<arg name='addr1'>0x77600000</arg>
		<arg name='addr2'>0x776effff</arg>
	</msg>
	<!-- Module loaded c:\windows\syswow64\ntdll.dll, address range [0x77e30000-0x77fd2fff] -->
	<msg id='5' source='mc'>
		<type>MODULE_LOAD</type>
		<severity>INFO</severity>
		<timestamp>Mon Sep 20 19:05:18 2021</timestamp>
		<arg name='path'>c:\windows\syswow64\ntdll.dll</arg>
		<arg name='addr1'>0x77e30000</arg>
		<arg name='addr2'>0x77fd2fff</arg>
	</msg>
	<!-- DIAG: 1 -->
	<!-- DIAG: 2 -->
	<!-- DIAG: 3 -->
	<!-- DIAG: 4 -->
	<!-- Module loaded c:\windows\syswow64\vcruntime140d.dll, address range [0x79a70000-0x79a8dfff] -->
	<msg id='6' source='mc'>
		<type>MODULE_LOAD</type>
		<severity>INFO</severity>
		<timestamp>Mon Sep 20 19:05:23 2021</timestamp>
		<arg name='path'>c:\windows\syswow64\vcruntime140d.dll</arg>
		<arg name='addr1'>0x79a70000</arg>
		<arg name='addr2'>0x79a8dfff</arg>
	</msg>
	<!-- Module loaded c:\windows\syswow64\vcomp140d.dll, address range [0x79f10000-0x79f3bfff] -->
	<msg id='7' source='mc'>
		<type>MODULE_LOAD</type>
		<severity>INFO</severity>
		<timestamp>Mon Sep 20 19:05:23 2021</timestamp>
		<arg name='path'>c:\windows\syswow64\vcomp140d.dll</arg>
		<arg name='addr1'>0x79f10000</arg>
		<arg name='addr2'>0x79f3bfff</arg>
	</msg>
	<!-- Module loaded c:\windows\syswow64\ucrtbased.dll, address range [0x0c850000-0x0c9c5fff] -->
	<msg id='8' source='mc'>
		<type>MODULE_LOAD</type>
		<severity>INFO</severity>
		<timestamp>Mon Sep 20 19:05:23 2021</timestamp>
		<arg name='path'>c:\windows\syswow64\ucrtbased.dll</arg>
		<arg name='addr1'>0xc850000</arg>
		<arg name='addr2'>0xc9c5fff</arg>
	</msg>
	<!-- Module loaded c:\windows\syswow64\msvcp140d.dll, address range [0x0cac0000-0x0cb72fff] -->
	<msg id='9' source='mc'>
		<type>MODULE_LOAD</type>
		<severity>INFO</severity>
		<timestamp>Mon Sep 20 19:05:24 2021</timestamp>
		<arg name='path'>c:\windows\syswow64\msvcp140d.dll</arg>
		<arg name='addr1'>0xcac0000</arg>
		<arg name='addr2'>0xcb72fff</arg>
	</msg>
	<!-- Module unloaded C:\Windows\SysWOW64\ucrtbased.dll -->
	<msg id='10' source='mc'>
		<type>MODULE_UNLOAD</type>
		<severity>INFO</severity>
		<timestamp>Mon Sep 20 19:05:24 2021</timestamp>
		<arg name='path'>C:\Windows\SysWOW64\ucrtbased.dll</arg>
	</msg>
	<!-- Module unloaded C:\Windows\SysWOW64\msvcp140d.dll -->
	<msg id='11' source='mc'>
		<type>MODULE_UNLOAD</type>
		<severity>INFO</severity>
		<timestamp>Mon Sep 20 19:05:24 2021</timestamp>
		<arg name='path'>C:\Windows\SysWOW64\msvcp140d.dll</arg>
	</msg>
	<!-- Module loaded c:\windows\syswow64\ucrtbased.dll, address range [0x0cde0000-0x0cf55fff] -->
	<msg id='12' source='mc'>
		<type>MODULE_LOAD</type>
		<severity>INFO</severity>
		<timestamp>Mon Sep 20 19:05:25 2021</timestamp>
		<arg name='path'>c:\windows\syswow64\ucrtbased.dll</arg>
		<arg name='addr1'>0xcde0000</arg>
		<arg name='addr2'>0xcf55fff</arg>
	</msg>
	<!-- Module loaded c:\windows\syswow64\msvcp140d.dll, address range [0x0cac0000-0x0cb72fff] -->
	<msg id='13' source='mc'>
		<type>MODULE_LOAD</type>
		<severity>INFO</severity>
		<timestamp>Mon Sep 20 19:05:27 2021</timestamp>
		<arg name='path'>c:\windows\syswow64\msvcp140d.dll</arg>
		<arg name='addr1'>0xcac0000</arg>
		<arg name='addr2'>0xcb72fff</arg>
	</msg>
	<!-- DIAG: 5 -->
	<!-- DIAG: 6 -->
	<!-- DIAG: 7 -->
	<!-- DIAG: 8 -->
	<!-- DIAG: 9 -->
	<!-- DIAG: 10 -->
	<!-- Heartbeat, tids = 9552,18864,16092,13980, syscallStatus = 0,1,1,1, calls = 39091,369,725,1702 -->
	<msg id='14' display='false' source='mc'>
		<type>HEARTBEAT</type>
		<severity>INFO</severity>
		<timestamp>Mon Sep 20 19:05:35 2021</timestamp>
		<arg name='tids'>9552,18864,16092,13980</arg>
		<arg name='syscalls'>0,1,1,1</arg>
		<arg name='calls'>39091,369,725,1702</arg>
	</msg>
	<!-- Heartbeat, tids = 9552,18864,16092,13980, syscallStatus = 1,1,1,1, calls = 97640,0,0,0 -->
	<msg id='15' display='false' source='mc'>
		<type>HEARTBEAT</type>
		<severity>INFO</severity>
		<timestamp>Mon Sep 20 19:05:36 2021</timestamp>
		<arg name='tids'>9552,18864,16092,13980</arg>
		<arg name='syscalls'>1,1,1,1</arg>
		<arg name='calls'>97640,0,0,0</arg>
	</msg>
	<!-- Heartbeat, tids = 9552,18864,16092,13980, syscallStatus = 0,1,1,1, calls = 3064,0,0,0 -->
	<msg id='16' display='false' source='mc'>
		<type>HEARTBEAT</type>
		<severity>INFO</severity>
		<timestamp>Mon Sep 20 19:05:37 2021</timestamp>
		<arg name='tids'>9552,18864,16092,13980</arg>
		<arg name='syscalls'>0,1,1,1</arg>
		<arg name='calls'>3064,0,0,0</arg>
	</msg>
	<!-- Heartbeat, tids = 9552,18864,16092,13980, syscallStatus = 0,1,1,1, calls = 15347,0,0,0 -->
	<msg id='17' display='false' source='mc'>
		<type>HEARTBEAT</type>
		<severity>INFO</severity>
		<timestamp>Mon Sep 20 19:05:38 2021</timestamp>
		<arg name='tids'>9552,18864,16092,13980</arg>
		<arg name='syscalls'>0,1,1,1</arg>
		<arg name='calls'>15347,0,0,0</arg>
	</msg>
	<!-- Heartbeat, tids = 9552,18864,16092,13980, syscallStatus = 1,1,1,1, calls = 1168,0,0,0 -->
	<msg id='18' display='false' source='mc'>
		<type>HEARTBEAT</type>
		<severity>INFO</severity>
		<timestamp>Mon Sep 20 19:05:39 2021</timestamp>
		<arg name='tids'>9552,18864,16092,13980</arg>
		<arg name='syscalls'>1,1,1,1</arg>
		<arg name='calls'>1168,0,0,0</arg>
	</msg>
	<!-- Heartbeat, tids = 9552,18864,16092,13980, syscallStatus = 1,1,1,1, calls = 1650,0,0,0 -->
	<msg id='19' display='false' source='mc'>
		<type>HEARTBEAT</type>
		<severity>INFO</severity>
		<timestamp>Mon Sep 20 19:05:40 2021</timestamp>
		<arg name='tids'>9552,18864,16092,13980</arg>
		<arg name='syscalls'>1,1,1,1</arg>
		<arg name='calls'>1650,0,0,0</arg>
	</msg>
	<!-- Heartbeat, tids = 9552,18864,16092,13980, syscallStatus = 1,1,1,1, calls = 2145,0,0,0 -->
	<msg id='20' display='false' source='mc'>
		<type>HEARTBEAT</type>
		<severity>INFO</severity>
		<timestamp>Mon Sep 20 19:05:41 2021</timestamp>
		<arg name='tids'>9552,18864,16092,13980</arg>
		<arg name='syscalls'>1,1,1,1</arg>
		<arg name='calls'>2145,0,0,0</arg>
	</msg>
	<!-- Heartbeat, tids = 9552,18864,16092,13980, syscallStatus = 0,1,1,1, calls = 1904,0,0,0 -->
	<msg id='21' display='false' source='mc'>
		<type>HEARTBEAT</type>
		<severity>INFO</severity>
		<timestamp>Mon Sep 20 19:05:43 2021</timestamp>
		<arg name='tids'>9552,18864,16092,13980</arg>
		<arg name='syscalls'>0,1,1,1</arg>
		<arg name='calls'>1904,0,0,0</arg>
	</msg>
	<!-- Heartbeat, tids = 9552,18864,16092,13980, syscallStatus = 0,1,1,1, calls = 728,0,0,0 -->
	<msg id='22' display='false' source='mc'>
		<type>HEARTBEAT</type>
		<severity>INFO</severity>
		<timestamp>Mon Sep 20 19:05:44 2021</timestamp>
		<arg name='tids'>9552,18864,16092,13980</arg>
		<arg name='syscalls'>0,1,1,1</arg>
		<arg name='calls'>728,0,0,0</arg>
	</msg>
	<!-- Heartbeat, tids = 9552,18864,16092,13980, syscallStatus = 0,1,1,1, calls = 0,0,0,0 -->
	<msg id='23' display='false' source='mc'>
		<type>HEARTBEAT</type>
		<severity>INFO</severity>
		<timestamp>Mon Sep 20 19:05:45 2021</timestamp>
		<arg name='tids'>9552,18864,16092,13980</arg>
		<arg name='syscalls'>0,1,1,1</arg>
		<arg name='calls'>0,0,0,0</arg>
	</msg>
	<!-- DIAG: 11 -->
	<!-- Heartbeat, tids = 9552,18864,16092,13980, syscallStatus = 0,1,1,1, calls = 26478,0,0,0 -->
	<msg id='24' display='false' source='mc'>
		<type>HEARTBEAT</type>
		<severity>INFO</severity>
		<timestamp>Mon Sep 20 19:05:46 2021</timestamp>
		<arg name='tids'>9552,18864,16092,13980</arg>
		<arg name='syscalls'>0,1,1,1</arg>
		<arg name='calls'>26478,0,0,0</arg>
	</msg>
	<!-- Heartbeat, tids = 9552,18864,16092,13980, syscallStatus = 0,1,1,1, calls = 407,0,0,0 -->
	<msg id='25' display='false' source='mc'>
		<type>HEARTBEAT</type>
		<severity>INFO</severity>
		<timestamp>Mon Sep 20 19:05:47 2021</timestamp>
		<arg name='tids'>9552,18864,16092,13980</arg>
		<arg name='syscalls'>0,1,1,1</arg>
		<arg name='calls'>407,0,0,0</arg>
	</msg>
	<!-- Heartbeat, tids = 9552,18864,16092,13980, syscallStatus = 0,1,1,1, calls = 7943,0,0,0 -->
	<msg id='26' display='false' source='mc'>
		<type>HEARTBEAT</type>
		<severity>INFO</severity>
		<timestamp>Mon Sep 20 19:05:48 2021</timestamp>
		<arg name='tids'>9552,18864,16092,13980</arg>
		<arg name='syscalls'>0,1,1,1</arg>
		<arg name='calls'>7943,0,0,0</arg>
	</msg>
	<!-- Heartbeat, tids = 9552,18864,16092,13980, syscallStatus = 0,1,1,1, calls = 21794,0,0,0 -->
	<msg id='27' display='false' source='mc'>
		<type>HEARTBEAT</type>
		<severity>INFO</severity>
		<timestamp>Mon Sep 20 19:05:49 2021</timestamp>
		<arg name='tids'>9552,18864,16092,13980</arg>
		<arg name='syscalls'>0,1,1,1</arg>
		<arg name='calls'>21794,0,0,0</arg>
	</msg>
	<!-- Heartbeat, tids = 9552,18864,16092,13980, syscallStatus = 0,1,1,1, calls = 24476,0,0,0 -->
	<msg id='28' display='false' source='mc'>
		<type>HEARTBEAT</type>
		<severity>INFO</severity>
		<timestamp>Mon Sep 20 19:05:50 2021</timestamp>
		<arg name='tids'>9552,18864,16092,13980</arg>
		<arg name='syscalls'>0,1,1,1</arg>
		<arg name='calls'>24476,0,0,0</arg>
	</msg>
	<!-- Heartbeat, tids = 9552,18864,16092,13980, syscallStatus = 1,1,1,1, calls = 18966,0,0,0 -->
	<msg id='29' display='false' source='mc'>
		<type>HEARTBEAT</type>
		<severity>INFO</severity>
		<timestamp>Mon Sep 20 19:05:51 2021</timestamp>
		<arg name='tids'>9552,18864,16092,13980</arg>
		<arg name='syscalls'>1,1,1,1</arg>
		<arg name='calls'>18966,0,0,0</arg>
	</msg>
	<!-- Heartbeat, tids = 9552,18864,16092,13980, syscallStatus = 0,1,1,1, calls = 11996,0,0,0 -->
	<msg id='30' display='false' source='mc'>
		<type>HEARTBEAT</type>
		<severity>INFO</severity>
		<timestamp>Mon Sep 20 19:05:52 2021</timestamp>
		<arg name='tids'>9552,18864,16092,13980</arg>
		<arg name='syscalls'>0,1,1,1</arg>
		<arg name='calls'>11996,0,0,0</arg>
	</msg>
	<!-- Heartbeat, tids = 9552,18864,16092,13980, syscallStatus = 1,1,1,1, calls = 18496,0,0,0 -->
	<msg id='31' display='false' source='mc'>
		<type>HEARTBEAT</type>
		<severity>INFO</severity>
		<timestamp>Mon Sep 20 19:05:53 2021</timestamp>
		<arg name='tids'>9552,18864,16092,13980</arg>
		<arg name='syscalls'>1,1,1,1</arg>
		<arg name='calls'>18496,0,0,0</arg>
	</msg>
	<!-- Module loaded c:\windows\syswow64\kernel.appcore.dll, address range [0x75860000-0x7586efff] -->
	<msg id='32' source='mc'>
		<type>MODULE_LOAD</type>
		<severity>INFO</severity>
		<timestamp>Mon Sep 20 19:05:53 2021</timestamp>
		<arg name='path'>c:\windows\syswow64\kernel.appcore.dll</arg>
		<arg name='addr1'>0x75860000</arg>
		<arg name='addr2'>0x7586efff</arg>
	</msg>
	<!-- Module loaded c:\windows\syswow64\msvcrt.dll, address range [0x75ef0000-0x75faefff] -->
	<msg id='33' source='mc'>
		<type>MODULE_LOAD</type>
		<severity>INFO</severity>
		<timestamp>Mon Sep 20 19:05:53 2021</timestamp>
		<arg name='path'>c:\windows\syswow64\msvcrt.dll</arg>
		<arg name='addr1'>0x75ef0000</arg>
		<arg name='addr2'>0x75faefff</arg>
	</msg>
	<!-- Module loaded c:\windows\syswow64\rpcrt4.dll, address range [0x75fd0000-0x7608efff] -->
	<msg id='34' source='mc'>
		<type>MODULE_LOAD</type>
		<severity>INFO</severity>
		<timestamp>Mon Sep 20 19:05:53 2021</timestamp>
		<arg name='path'>c:\windows\syswow64\rpcrt4.dll</arg>
		<arg name='addr1'>0x75fd0000</arg>
		<arg name='addr2'>0x7608efff</arg>
	</msg>
	<!-- Heartbeat, tids = 9552,18864,16092,13980, syscallStatus = 0,1,1,1, calls = 6250,0,796,0 -->
	<msg id='35' display='false' source='mc'>
		<type>HEARTBEAT</type>
		<severity>INFO</severity>
		<timestamp>Mon Sep 20 19:05:54 2021</timestamp>
		<arg name='tids'>9552,18864,16092,13980</arg>
		<arg name='syscalls'>0,1,1,1</arg>
		<arg name='calls'>6250,0,796,0</arg>
	</msg>
	<!-- Heartbeat, tids = 9552,18864,16092,13980, syscallStatus = 0,1,1,1, calls = 547,0,0,0 -->
	<msg id='36' display='false' source='mc'>
		<type>HEARTBEAT</type>
		<severity>INFO</severity>
		<timestamp>Mon Sep 20 19:05:55 2021</timestamp>
		<arg name='tids'>9552,18864,16092,13980</arg>
		<arg name='syscalls'>0,1,1,1</arg>
		<arg name='calls'>547,0,0,0</arg>
	</msg>
	<!-- DIAG: 12 -->
	<!-- DIAG: 13 -->
	<!-- DIAG: 14 -->
	<!-- DIAG: 15 -->
	<!-- Process c:\users\hp\desktop\github\application-programming-on-the-ips-system\dz4\debug\dz4.exe exited with code 0. Leak analysis starting - this may take a while. -->
	<msg id='37' source='mc'>
		<type>PROCESS_COMPLETE</type>
		<severity>INFO</severity>
		<timestamp>Mon Sep 20 19:05:58 2021</timestamp>
		<arg name='path'>c:\users\hp\desktop\github\application-programming-on-the-ips-system\dz4\debug\dz4.exe</arg>
		<arg name='code'>0</arg>
	</msg>
	<!-- Module unloaded C:\Users\HP\Desktop\GitHub\application-programming-on-the-IPS-system\DZ4\Debug\DZ4.exe -->
	<msg id='38' source='mc'>
		<type>MODULE_UNLOAD</type>
		<severity>INFO</severity>
		<timestamp>Mon Sep 20 19:05:58 2021</timestamp>
		<arg name='path'>C:\Users\HP\Desktop\GitHub\application-programming-on-the-IPS-system\DZ4\Debug\DZ4.exe</arg>
	</msg>
	<!-- Module unloaded C:\Windows\SysWOW64\KernelBase.dll -->
	<msg id='39' source='mc'>
		<type>MODULE_UNLOAD</type>
		<severity>INFO</severity>
		<timestamp>Mon Sep 20 19:05:58 2021</timestamp>
		<arg name='path'>C:\Windows\SysWOW64\KernelBase.dll</arg>
	</msg>
	<!-- Module unloaded C:\Windows\SysWOW64\kernel32.dll -->
	<msg id='40' source='mc'>
		<type>MODULE_UNLOAD</type>
		<severity>INFO</severity>
		<timestamp>Mon Sep 20 19:05:58 2021</timestamp>
		<arg name='path'>C:\Windows\SysWOW64\kernel32.dll</arg>
	</msg>
	<!-- Module unloaded C:\Windows\SysWOW64\ntdll.dll -->
	<msg id='41' source='mc'>
		<type>MODULE_UNLOAD</type>
		<severity>INFO</severity>
		<timestamp>Mon Sep 20 19:05:58 2021</timestamp>
		<arg name='path'>C:\Windows\SysWOW64\ntdll.dll</arg>
	</msg>
	<!-- Module unloaded C:\Windows\SysWOW64\vcruntime140d.dll -->
	<msg id='42' source='mc'>
		<type>MODULE_UNLOAD</type>
		<severity>INFO</severity>
		<timestamp>Mon Sep 20 19:05:58 2021</timestamp>
		<arg name='path'>C:\Windows\SysWOW64\vcruntime140d.dll</arg>
	</msg>
	<!-- Module unloaded C:\Windows\SysWOW64\vcomp140d.dll -->
	<msg id='43' source='mc'>
		<type>MODULE_UNLOAD</type>
		<severity>INFO</severity>
		<timestamp>Mon Sep 20 19:05:58 2021</timestamp>
		<arg name='path'>C:\Windows\SysWOW64\vcomp140d.dll</arg>
	</msg>
	<!-- Module unloaded C:\Windows\SysWOW64\ucrtbased.dll -->
	<msg id='44' source='mc'>
		<type>MODULE_UNLOAD</type>
		<severity>INFO</severity>
		<timestamp>Mon Sep 20 19:05:58 2021</timestamp>
		<arg name='path'>C:\Windows\SysWOW64\ucrtbased.dll</arg>
	</msg>
	<!-- Module unloaded C:\Windows\SysWOW64\msvcp140d.dll -->
	<msg id='45' source='mc'>
		<type>MODULE_UNLOAD</type>
		<severity>INFO</severity>
		<timestamp>Mon Sep 20 19:05:58 2021</timestamp>
		<arg name='path'>C:\Windows\SysWOW64\msvcp140d.dll</arg>
	</msg>
	<!-- Module unloaded C:\Windows\SysWOW64\kernel.appcore.dll -->
	<msg id='46' source='mc'>
		<type>MODULE_UNLOAD</type>
		<severity>INFO</severity>
		<timestamp>Mon Sep 20 19:05:58 2021</timestamp>
		<arg name='path'>C:\Windows\SysWOW64\kernel.appcore.dll</arg>
	</msg>
	<!-- Module unloaded C:\Windows\SysWOW64\msvcrt.dll -->
	<msg id='47' source='mc'>
		<type>MODULE_UNLOAD</type>
		<severity>INFO</severity>
		<timestamp>Mon Sep 20 19:05:58 2021</timestamp>
		<arg name='path'>C:\Windows\SysWOW64\msvcrt.dll</arg>
	</msg>
	<!-- Module unloaded C:\Windows\SysWOW64\rpcrt4.dll -->
	<msg id='48' source='mc'>
		<type>MODULE_UNLOAD</type>
		<severity>INFO</severity>
		<timestamp>Mon Sep 20 19:05:58 2021</timestamp>
		<arg name='path'>C:\Windows\SysWOW64\rpcrt4.dll</arg>
	</msg>
	<!-- Analysis completed for c:\users\hp\desktop\github\application-programming-on-the-ips-system\dz4\debug\dz4.exe -->
	<msg id='49' source='mc'>
		<type>ANALYSIS_COMPLETE</type>
		<severity>INFO</severity>
		<timestamp>Mon Sep 20 19:05:58 2021</timestamp>
		<arg name='path'>c:\users\hp\desktop\github\application-programming-on-the-ips-system\dz4\debug\dz4.exe</arg>
	</msg>