<?xml version="1.0" encoding="utf-8" ?>
<!-- DO NOT EDIT THIS FILE -->

<log version='2.0' source='tcet'>
	<!-- Sampling enabled with the following: -->
	<!--     Budget                              5: -->
	<!--     Overdraft Budget                   75: -->
	<!--     Savings Budget                      2: -->
	<!-- Opened annotation file C:\Program Files (x86)\Intel\oneAPI\inspector\2021.2.0\bin32\..\config\tc\qt.ant -->
	<!-- Opened annotation file C:\Program Files (x86)\Intel\oneAPI\inspector\2021.2.0\bin32\..\config\tc\cpp11.ant -->
	<!-- Opened annotation file C:\Program Files (x86)\Intel\oneAPI\inspector\2021.2.0\bin32\..\config\tc\cpp11_atomics.ant -->
	<!-- Opened annotation file C:\Program Files (x86)\Intel\oneAPI\inspector\2021.2.0\bin32\..\config\tc\fortran.ant -->
	<!-- Opened annotation file C:\Program Files (x86)\Intel\oneAPI\inspector\2021.2.0\bin32\..\config\tc\icl.ant -->
	<!-- Opened annotation file C:\Program Files (x86)\Intel\oneAPI\inspector\2021.2.0\bin32\..\config\tc\allocators.ant -->
	<!-- Opened annotation file C:\Program Files (x86)\Intel\oneAPI\inspector\2021.2.0\bin32\..\config\tc\boost.ant -->
	<!-- Opened annotation file C:\Program Files (x86)\Intel\oneAPI\inspector\2021.2.0\bin32\..\config\tc\system_api_filter.ant -->
	<!-- Opened annotation file C:\Program Files (x86)\Intel\oneAPI\inspector\2021.2.0\bin32\..\config\tc\system_api.ant -->
	<msg id='1' display='false' source='tccore'>
		<type>START</type>
		<severity>INFO</severity>
		<timestamp>Sat Sep 18 19:27:03 2021</timestamp>
	</msg>
	<!-- Successfully loaded CCRT 13.10.0 at address 0x79370000 - 0x79683000 -->
	<!-- Successfully loaded the TC Analysis Core 8.18.2 at address 0x797c0000 - 0x797dd000 -->
	<!-- Successfully loaded the TC Instrumentation Engine 8.18.2 at address 0x78ed0000 - 0x790e0000 -->
	<!-- Environment: INTEL_LIBITTNOTIFY32=C:\Program Files (x86)\Intel\oneAPI\inspector\2021.2.0\bin32\runtime\libittnotify.dll -->
	<!-- Environment: INTEL_LIBITTNOTIFY64=C:\Program Files (x86)\Intel\oneAPI\inspector\2021.2.0\bin64\runtime\libittnotify.dll -->
	<!-- Environment: INTEL_JIT_PROFILER32=C:\Program Files (x86)\Intel\oneAPI\inspector\2021.2.0\bin32\pinjitprofiling.dll -->
	<!-- Environment: INTEL_JIT_PROFILER64=C:\Program Files (x86)\Intel\oneAPI\inspector\2021.2.0\bin64\pinjitprofiling.dll -->
	<!-- This is the instance of interest -->
	<msg id='2' source='tcet'>
		<type>EXEC_OF_INTEREST</type>
		<severity>INFO</severity>
		<timestamp>Sat Sep 18 19:27:03 2021</timestamp>
		<arg name='process'>c:\users\hp\desktop\github\application-programming-on-the-ips-system\dz4\debug\dz4.exe</arg>
		<arg name='pid'>16240</arg>
	</msg>
	<msg id='3' source='tcet'>
		<type>LOAD_MODULE</type>
		<severity>INFO</severity>
		<timestamp>Sat Sep 18 19:27:03 2021</timestamp>
		<arg name='module'>c:\users\hp\desktop\github\application-programming-on-the-ips-system\dz4\debug\dz4.exe</arg>
		<arg name='basement'>0xde0000</arg>
		<arg name='ceiling'>0xe03fff</arg>
		<arg name='id'>2</arg>
	</msg>
	<msg id='4' source='tcet'>
		<type>LOAD_MODULE</type>
		<severity>INFO</severity>
		<timestamp>Sat Sep 18 19:27:03 2021</timestamp>
		<arg name='module'>c:\windows\syswow64\kernelbase.dll</arg>
		<arg name='basement'>0x76a00000</arg>
		<arg name='ceiling'>0x76c13fff</arg>
		<arg name='id'>3</arg>
	</msg>
	<!-- Target OS: Win8 or Server 2K2012 or later -->
	<msg id='5' source='tcet'>
		<type>LOAD_MODULE</type>
		<severity>INFO</severity>
		<timestamp>Sat Sep 18 19:27:03 2021</timestamp>
		<arg name='module'>c:\windows\syswow64\kernel32.dll</arg>
		<arg name='basement'>0x77600000</arg>
		<arg name='ceiling'>0x776effff</arg>
		<arg name='id'>4</arg>
	</msg>
	<!-- Target OS: Win8 or Server 2K2012 or later -->
	<msg id='6' source='tcet'>
		<type>LOAD_MODULE</type>
		<severity>INFO</severity>
		<timestamp>Sat Sep 18 19:27:03 2021</timestamp>
		<arg name='module'>c:\windows\syswow64\ntdll.dll</arg>
		<arg name='basement'>0x77e30000</arg>
		<arg name='ceiling'>0x77fd2fff</arg>
		<arg name='id'>5</arg>
	</msg>
	<!-- Target OS: Win8 or Server 2K2012 or later -->
	<msg id='7' source='tcet'>
		<type>LOAD_MODULE</type>
		<severity>INFO</severity>
		<timestamp>Sat Sep 18 19:27:04 2021</timestamp>
		<arg name='module'>c:\windows\syswow64\msvcp140d.dll</arg>
		<arg name='basement'>0xceb0000</arg>
		<arg name='ceiling'>0xcf62fff</arg>
		<arg name='id'>6</arg>
	</msg>
	<msg id='8' source='tcet'>
		<type>LOAD_MODULE</type>
		<severity>INFO</severity>
		<timestamp>Sat Sep 18 19:27:05 2021</timestamp>
		<arg name='module'>c:\windows\syswow64\vcomp140d.dll</arg>
		<arg name='basement'>0x7b0f0000</arg>
		<arg name='ceiling'>0x7b11bfff</arg>
		<arg name='id'>7</arg>
	</msg>
	<msg id='9' source='tcet'>
		<type>UNSUPPORTED_MODULE</type>
		<severity>WARNING</severity>
		<timestamp>Sat Sep 18 19:27:05 2021</timestamp>
		<arg name='desc'>Microsoft OpenMP Runtime module</arg>
	</msg>
	<msg id='10' source='tcet'>
		<type>LOAD_MODULE</type>
		<severity>INFO</severity>
		<timestamp>Sat Sep 18 19:27:05 2021</timestamp>
		<arg name='module'>c:\windows\syswow64\ucrtbased.dll</arg>
		<arg name='basement'>0xd220000</arg>
		<arg name='ceiling'>0xd395fff</arg>
		<arg name='id'>8</arg>
	</msg>
	<msg id='11' source='tcet'>
		<type>LOAD_MODULE</type>
		<severity>INFO</severity>
		<timestamp>Sat Sep 18 19:27:06 2021</timestamp>
		<arg name='module'>c:\windows\syswow64\vcruntime140d.dll</arg>
		<arg name='basement'>0xd410000</arg>
		<arg name='ceiling'>0xd42dfff</arg>
		<arg name='id'>9</arg>
	</msg>
	<msg id='12' source='tcet'>
		<type>UNLOAD_MODULE</type>
		<severity>INFO</severity>
		<timestamp>Sat Sep 18 19:27:06 2021</timestamp>
		<arg name='module'>c:\windows\syswow64\ucrtbased.dll</arg>
		<arg name='id'>8</arg>
	</msg>
	<msg id='13' source='tcet'>
		<type>UNLOAD_MODULE</type>
		<severity>INFO</severity>
		<timestamp>Sat Sep 18 19:27:06 2021</timestamp>
		<arg name='module'>c:\windows\syswow64\msvcp140d.dll</arg>
		<arg name='id'>6</arg>
	</msg>
	<msg id='14' source='tcet'>
		<type>UNLOAD_MODULE</type>
		<severity>INFO</severity>
		<timestamp>Sat Sep 18 19:27:06 2021</timestamp>
		<arg name='module'>c:\windows\syswow64\vcruntime140d.dll</arg>
		<arg name='id'>9</arg>
	</msg>
	<msg id='15' source='tcet'>
		<type>LOAD_MODULE</type>
		<severity>INFO</severity>
		<timestamp>Sat Sep 18 19:27:06 2021</timestamp>
		<arg name='module'>c:\windows\syswow64\ucrtbased.dll</arg>
		<arg name='basement'>0xd220000</arg>
		<arg name='ceiling'>0xd395fff</arg>
		<arg name='id'>10</arg>
	</msg>
	<msg id='16' source='tcet'>
		<type>LOAD_MODULE</type>
		<severity>INFO</severity>
		<timestamp>Sat Sep 18 19:27:06 2021</timestamp>
		<arg name='module'>c:\windows\syswow64\msvcp140d.dll</arg>
		<arg name='basement'>0xd440000</arg>
		<arg name='ceiling'>0xd4f2fff</arg>
		<arg name='id'>11</arg>
	</msg>
	<msg id='17' source='tcet'>
		<type>LOAD_MODULE</type>
		<severity>INFO</severity>
		<timestamp>Sat Sep 18 19:27:07 2021</timestamp>
		<arg name='module'>c:\windows\syswow64\vcruntime140d.dll</arg>
		<arg name='basement'>0xcee0000</arg>
		<arg name='ceiling'>0xcefdfff</arg>
		<arg name='id'>12</arg>
	</msg>
	<msg id='18' display='false' source='tcet'>
		<type>HEARTBEAT</type>
		<severity>INFO</severity>
		<timestamp>Sat Sep 18 19:27:13 2021</timestamp>
		<arg name='tids'>2304,2252,1920,11308</arg>
		<arg name='syscalls'>1,1,1,0</arg>
		<arg name='calls'>235,995,1225,39437</arg>
	</msg>
	<msg id='19' display='false' source='tcet'>
		<type>HEARTBEAT</type>
		<severity>INFO</severity>
		<timestamp>Sat Sep 18 19:27:14 2021</timestamp>
		<arg name='tids'>2304,2252,1920,11308</arg>
		<arg name='syscalls'>1,1,1,0</arg>
		<arg name='calls'>0,0,0,108880</arg>
	</msg>
	<msg id='20' display='false' source='tcet'>
		<type>HEARTBEAT</type>
		<severity>INFO</severity>
		<timestamp>Sat Sep 18 19:27:15 2021</timestamp>
		<arg name='tids'>2304,2252,1920,11308</arg>
		<arg name='syscalls'>1,1,1,0</arg>
		<arg name='calls'>0,0,0,7234</arg>
	</msg>
	<msg id='21' display='false' source='tcet'>
		<type>HEARTBEAT</type>
		<severity>INFO</severity>
		<timestamp>Sat Sep 18 19:27:16 2021</timestamp>
		<arg name='tids'>2304,2252,1920,11308</arg>
		<arg name='syscalls'>1,1,1,0</arg>
		<arg name='calls'>0,0,0,25884</arg>
	</msg>
	<msg id='22' display='false' source='tcet'>
		<type>HEARTBEAT</type>
		<severity>INFO</severity>
		<timestamp>Sat Sep 18 19:27:17 2021</timestamp>
		<arg name='tids'>2304,2252,1920,11308</arg>
		<arg name='syscalls'>1,1,1,0</arg>
		<arg name='calls'>0,0,0,54078</arg>
	</msg>
	<msg id='23' source='tcet'>
		<type>LOAD_MODULE</type>
		<severity>INFO</severity>
		<timestamp>Sat Sep 18 19:27:18 2021</timestamp>
		<arg name='module'>c:\windows\syswow64\kernel.appcore.dll</arg>
		<arg name='basement'>0x75860000</arg>
		<arg name='ceiling'>0x7586efff</arg>
		<arg name='id'>13</arg>
	</msg>
	<msg id='24' source='tcet'>
		<type>LOAD_MODULE</type>
		<severity>INFO</severity>
		<timestamp>Sat Sep 18 19:27:18 2021</timestamp>
		<arg name='module'>c:\windows\syswow64\msvcrt.dll</arg>
		<arg name='basement'>0x75ef0000</arg>
		<arg name='ceiling'>0x75faefff</arg>
		<arg name='id'>14</arg>
	</msg>
	<msg id='25' source='tcet'>
		<type>LOAD_MODULE</type>
		<severity>INFO</severity>
		<timestamp>Sat Sep 18 19:27:18 2021</timestamp>
		<arg name='module'>c:\windows\syswow64\rpcrt4.dll</arg>
		<arg name='basement'>0x75fd0000</arg>
		<arg name='ceiling'>0x7608efff</arg>
		<arg name='id'>15</arg>
	</msg>
	<msg id='26' display='false' source='tcet'>
		<type>HEARTBEAT</type>
		<severity>INFO</severity>
		<timestamp>Sat Sep 18 19:27:18 2021</timestamp>
		<arg name='tids'>2304,2252,1920,11308</arg>
		<arg name='syscalls'>1,1,1,0</arg>
		<arg name='calls'>0,0,786,55897</arg>
	</msg>
	<!-- A thread end notification for 2 was received by thread 0 -->
	<!-- A thread end notification for 3 was received by thread 0 -->
	<!-- A thread end notification for 4 was received by thread 0 -->
	<!-- Thread 0 effective sampling rate is 1805962/36086038 -->
	<msg id='27' source='tcet'>
		<type>UNLOAD_MODULE</type>
		<severity>INFO</severity>
		<timestamp>Sat Sep 18 19:27:20 2021</timestamp>
		<arg name='module'>c:\users\hp\desktop\github\application-programming-on-the-ips-system\dz4\debug\dz4.exe</arg>
		<arg name='id'>2</arg>
	</msg>
	<msg id='28' source='tcet'>
		<type>UNLOAD_MODULE</type>
		<severity>INFO</severity>
		<timestamp>Sat Sep 18 19:27:20 2021</timestamp>
		<arg name='module'>c:\windows\syswow64\kernelbase.dll</arg>
		<arg name='id'>3</arg>
	</msg>
	<msg id='29' source='tcet'>
		<type>UNLOAD_MODULE</type>
		<severity>INFO</severity>
		<timestamp>Sat Sep 18 19:27:20 2021</timestamp>
		<arg name='module'>c:\windows\syswow64\kernel32.dll</arg>
		<arg name='id'>4</arg>
	</msg>
	<msg id='30' source='tcet'>
		<type>UNLOAD_MODULE</type>
		<severity>INFO</severity>
		<timestamp>Sat Sep 18 19:27:20 2021</timestamp>
		<arg name='module'>c:\windows\syswow64\ntdll.dll</arg>
		<arg name='id'>5</arg>
	</msg>
	<msg id='31' source='tcet'>
		<type>UNLOAD_MODULE</type>
		<severity>INFO</severity>
		<timestamp>Sat Sep 18 19:27:20 2021</timestamp>
		<arg name='module'>c:\windows\syswow64\vcomp140d.dll</arg>
		<arg name='id'>7</arg>
	</msg>
	<msg id='32' source='tcet'>
		<type>UNLOAD_MODULE</type>
		<severity>INFO</severity>
		<timestamp>Sat Sep 18 19:27:20 2021</timestamp>
		<arg name='module'>c:\windows\syswow64\ucrtbased.dll</arg>
		<arg name='id'>10</arg>
	</msg>
	<msg id='33' source='tcet'>
		<type>UNLOAD_MODULE</type>
		<severity>INFO</severity>
		<timestamp>Sat Sep 18 19:27:20 2021</timestamp>
		<arg name='module'>c:\windows\syswow64\msvcp140d.dll</arg>
		<arg name='id'>11</arg>
	</msg>
	<msg id='34' source='tcet'>
		<type>UNLOAD_MODULE</type>
		<severity>INFO</severity>
		<timestamp>Sat Sep 18 19:27:20 2021</timestamp>
		<arg name='module'>c:\windows\syswow64\vcruntime140d.dll</arg>
		<arg name='id'>12</arg>
	</msg>
	<msg id='35' source='tcet'>
		<type>UNLOAD_MODULE</type>
		<severity>INFO</severity>
		<timestamp>Sat Sep 18 19:27:20 2021</timestamp>
		<arg name='module'>c:\windows\syswow64\kernel.appcore.dll</arg>
		<arg name='id'>13</arg>
	</msg>
	<msg id='36' source='tcet'>
		<type>UNLOAD_MODULE</type>
		<severity>INFO</severity>
		<timestamp>Sat Sep 18 19:27:20 2021</timestamp>
		<arg name='module'>c:\windows\syswow64\msvcrt.dll</arg>
		<arg name='id'>14</arg>
	</msg>
	<msg id='37' source='tcet'>
		<type>UNLOAD_MODULE</type>
		<severity>INFO</severity>
		<timestamp>Sat Sep 18 19:27:20 2021</timestamp>
		<arg name='module'>c:\windows\syswow64\rpcrt4.dll</arg>
		<arg name='id'>15</arg>
	</msg>
	<msg id='38' source='tcet'>
		<type>PROCESS_TERMINATE</type>
		<severity>INFO</severity>
		<timestamp>Sat Sep 18 19:27:20 2021</timestamp>
		<arg name='process'>c:\users\hp\desktop\github\application-programming-on-the-ips-system\dz4\debug\dz4.exe</arg>
		<arg name='pid'>16240</arg>
	</msg>
	<msg id='39' display='false' source='tccore'>
		<type>ANALYSIS_COMPLETE</type>
		<severity>INFO</severity>
		<timestamp>Sat Sep 18 19:27:20 2021</timestamp>
	</msg>
	<msg id='40' display='false' source='tccore'>
		<type>STOP</type>
		<severity>INFO</severity>
		<timestamp>Sat Sep 18 19:27:20 2021</timestamp>
	</msg>
</log>