Collection status has changed. 1
Collection has been started.
Collection has stopped. Application exit code:  0
Finalizing results
Finalizing the result
Clearing the database
The database has been cleared, elapsed time is 1.847 seconds.
Loading raw data to the database
Loading 'systemcollector-10232-HP.sc' file
Loading '19520-14200.0.trace' file
Updating precomputed scalar metrics
Raw data has been loaded to the database, elapsed time is 1.278 seconds.
Processing profile metrics and debug information
Data transformations have been finished, elapsed time is 0.012 seconds.
Setting data model parameters
Resolving module symbols
Resolving information for `ucrtbased.dll'
Resolving information for `kernel32.dll'
Resolving information for `ntdll.dll'
Resolving information for `KernelBase.dll'
Warning: Cannot locate debugging information for file `C:\Windows\SysWOW64\kernel32.dll'.
Warning: Cannot locate debugging information for file `C:\Windows\SysWOW64\ucrtbased.dll'.
Warning: Cannot locate debugging information for file `C:\Windows\SysWOW64\ntdll.dll'.
Warning: Cannot locate debugging information for file `C:\Windows\SysWOW64\KernelBase.dll'.
Resolving information for `libittnotify.dll'
Resolving information for `DZ2.exe'
Resolving information for dangling locations
Warning: Cannot locate debugging information for file `C:\Program Files (x86)\Intel\oneAPI\advisor\2021.2.0\bin32\runtime\libittnotify.dll'.
Resolving information for `msvcp140d.dll'
Warning: Cannot locate debugging information for file `C:\Windows\SysWOW64\msvcp140d.dll'.
Resolving bottom user stack information
Resolving thread name information
Resolving call target names for dynamic code
Symbol resolution has been finished, elapsed time is 3.843 seconds.
Processing profile metrics and debug information
Deferred data transformations have been finished, elapsed time is 0.040 seconds.
Setting data model parameters
Data model parameters have been set, elapsed time is 0.084 seconds.
Precomputing frequently used data
Precomputing frequently used data
Updating precomputed scalar metrics
Precomputing frequently used data has been finished, elapsed time is 0.236 seconds.
Discarding redundant overtime data
Saving the result
Redundant overtime data has been discarded, elapsed time is 0.019 seconds.
Raw collector data has been discarded, elapsed time is 0.000 seconds.
Finalizing the result took 8.048 seconds.
Preparing data for display of survey call tree
Resolving module symbols
Resolving bottom user stack information
Resolving thread name information
Resolving call target names for dynamic code
Precomputing frequently used data
