<?xml version="1.0" encoding="UTF-8"?>
<feedback>
 <message severity="info">Analysis started...</message>
 <nop/>
 <message severity="info">Result file: C:\Users\HP\Desktop\GitHub\application-programming-on-the-IPS-system\DZ4\My Inspector Results - DZ4\r016mi3\r016mi3.inspxe </message>
 <nop/>
 <message severity="info">Analysis started for c:\users\hp\desktop\github\application-programming-on-the-ips-system\dz4\debug\dz4.exe (pid = 17504) </message>
 <nop/>
 <message severity="info">Loaded module: c:\users\hp\desktop\github\application-programming-on-the-ips-system\dz4\debug\dz4.exe, address range [0xde0000-0xe03fff] </message>
 <nop/>
 <message severity="info">Loaded module: c:\windows\syswow64\kernelbase.dll, address range [0x76a00000-0x76c13fff] </message>
 <nop/>
 <message severity="info">Loaded module: c:\windows\syswow64\kernel32.dll, address range [0x77600000-0x776effff] </message>
 <nop/>
 <message severity="info">Loaded module: c:\windows\syswow64\ntdll.dll, address range [0x77e30000-0x77fd2fff] </message>
 <nop/>
 <message severity="info">Loaded module: c:\windows\syswow64\vcruntime140d.dll, address range [0x79a70000-0x79a8dfff] </message>
 <nop/>
 <message severity="info">Loaded module: c:\windows\syswow64\vcomp140d.dll, address range [0x79f10000-0x79f3bfff] </message>
 <nop/>
 <message severity="info">Loaded module: c:\windows\syswow64\ucrtbased.dll, address range [0xc850000-0xc9c5fff] </message>
 <nop/>
 <message severity="info">Loaded module: c:\windows\syswow64\msvcp140d.dll, address range [0xcac0000-0xcb72fff] </message>
 <nop/>
 <message severity="info">Unloaded module: C:\Windows\SysWOW64\ucrtbased.dll </message>
 <nop/>
 <message severity="info">Unloaded module: C:\Windows\SysWOW64\msvcp140d.dll </message>
 <nop/>
 <message severity="info">Loaded module: c:\windows\syswow64\ucrtbased.dll, address range [0xcde0000-0xcf55fff] </message>
 <nop/>
 <message severity="info">Loaded module: c:\windows\syswow64\msvcp140d.dll, address range [0xcac0000-0xcb72fff] </message>
 <nop/>
 <message severity="info">Loaded module: c:\windows\syswow64\kernel.appcore.dll, address range [0x75860000-0x7586efff] </message>
 <nop/>
 <message severity="info">Loaded module: c:\windows\syswow64\msvcrt.dll, address range [0x75ef0000-0x75faefff] </message>
 <nop/>
 <message severity="info">Loaded module: c:\windows\syswow64\rpcrt4.dll, address range [0x75fd0000-0x7608efff] </message>
 <nop/>
 <message severity="info">Process c:\users\hp\desktop\github\application-programming-on-the-ips-system\dz4\debug\dz4.exe exited with code 0. Leak analysis starting. Please wait... </message>
 <nop/>
 <message severity="info">Unloaded module: C:\Users\HP\Desktop\GitHub\application-programming-on-the-IPS-system\DZ4\Debug\DZ4.exe </message>
 <nop/>
 <message severity="info">Unloaded module: C:\Windows\SysWOW64\KernelBase.dll </message>
 <nop/>
 <message severity="info">Unloaded module: C:\Windows\SysWOW64\kernel32.dll </message>
 <nop/>
 <message severity="info">Unloaded module: C:\Windows\SysWOW64\ntdll.dll </message>
 <nop/>
 <message severity="info">Unloaded module: C:\Windows\SysWOW64\vcruntime140d.dll </message>
 <nop/>
 <message severity="info">Unloaded module: C:\Windows\SysWOW64\vcomp140d.dll </message>
 <nop/>
 <message severity="info">Unloaded module: C:\Windows\SysWOW64\ucrtbased.dll </message>
 <nop/>
 <message severity="info">Unloaded module: C:\Windows\SysWOW64\msvcp140d.dll </message>
 <nop/>
 <message severity="info">Unloaded module: C:\Windows\SysWOW64\kernel.appcore.dll </message>
 <nop/>
 <message severity="info">Unloaded module: C:\Windows\SysWOW64\msvcrt.dll </message>
 <nop/>
 <message severity="info">Unloaded module: C:\Windows\SysWOW64\rpcrt4.dll </message>
 <nop/>
 <message severity="info">Completed analysis for c:\users\hp\desktop\github\application-programming-on-the-ips-system\dz4\debug\dz4.exe </message>
 <nop/>
 <message severity="info">Application exit code: 0 </message>
 <nop/>
 <message severity="info">Result file: C:\Users\HP\Desktop\GitHub\application-programming-on-the-IPS-system\DZ4\My Inspector Results - DZ4\r016mi3\r016mi3.inspxe </message>
 <nop/>
 <message severity="info">Analysis completed</message>
 <nop/>
</feedback>
