<?xml version="1.0" encoding="utf-8"?>
<log version="1.0" tool="runtool">

<msg id="1" tool="runtool">
  <type>log-start</type>
  <arg>2021/09/20 18:54:30</arg>
</msg>
<msg id="2" tool="runtool">
  <type>collector-starts</type>
</msg>
<msg id="3" tool="runtool">
  <type>marker-file</type>
  <arg>C:\Users\HP\Desktop\GitHub\application-programming-on-the-IPS-system\DZ2\My Advisor Results - DZ2\e000\dp000\dp000.advixe</arg>
</msg>
<msg id="4" tool="tc">
  <type>START</type>
  <severity>INFO</severity>
  <timestamp>Mon Sep 20 18:54:33 2021</timestamp>
</msg>
<msg id="5" tool="tc">
  <type>EXEC_OF_INTEREST</type>
  <arg>c:\users\hp\desktop\github\application-programming-on-the-ips-system\dz2\x64\debug\dz2.exe</arg>
  <arg>4532</arg>
  <severity>INFO</severity>
  <timestamp>Mon Sep 20 18:54:33 2021</timestamp>
</msg>
<msg id="6" tool="tc">
  <type>LOAD_MODULE</type>
  <arg>c:\users\hp\desktop\github\application-programming-on-the-ips-system\dz2\x64\debug\dz2.exe</arg>
  <arg>0x7ff6daf00000</arg>
  <arg>0x7ff6daf30fff</arg>
  <arg>2</arg>
  <severity>INFO</severity>
  <timestamp>Mon Sep 20 18:54:34 2021</timestamp>
</msg>
<msg id="7" tool="tc">
  <type>LOAD_MODULE</type>
  <arg>c:\windows\system32\kernelbase.dll</arg>
  <arg>0x7ffb94880000</arg>
  <arg>0x7ffb94b48fff</arg>
  <arg>3</arg>
  <severity>INFO</severity>
  <timestamp>Mon Sep 20 18:54:34 2021</timestamp>
</msg>
<msg id="8" tool="tc">
  <type>LOAD_MODULE</type>
  <arg>c:\windows\system32\kernel32.dll</arg>
  <arg>0x7ffb950d0000</arg>
  <arg>0x7ffb9518cfff</arg>
  <arg>4</arg>
  <severity>INFO</severity>
  <timestamp>Mon Sep 20 18:54:35 2021</timestamp>
</msg>
<msg id="9" tool="tc">
  <type>LOAD_MODULE</type>
  <arg>c:\windows\system32\ntdll.dll</arg>
  <arg>0x7ffb97070000</arg>
  <arg>0x7ffb97264fff</arg>
  <arg>5</arg>
  <severity>INFO</severity>
  <timestamp>Mon Sep 20 18:54:35 2021</timestamp>
</msg>
<msg id="10" tool="tc">
  <type>LOAD_MODULE</type>
  <arg>c:\windows\system32\vcruntime140d.dll</arg>
  <arg>0x7ffb7d180000</arg>
  <arg>0x7ffb7d1aafff</arg>
  <arg>6</arg>
  <severity>INFO</severity>
  <timestamp>Mon Sep 20 18:54:38 2021</timestamp>
</msg>
<msg id="11" tool="tc">
  <type>LOAD_MODULE</type>
  <arg>c:\windows\system32\msvcp140d.dll</arg>
  <arg>0x7ffb142f0000</arg>
  <arg>0x7ffb143d2fff</arg>
  <arg>7</arg>
  <severity>INFO</severity>
  <timestamp>Mon Sep 20 18:54:38 2021</timestamp>
</msg>
<msg id="12" tool="tc">
  <type>LOAD_MODULE</type>
  <arg>c:\windows\system32\ucrtbased.dll</arg>
  <arg>0x7ffb14120000</arg>
  <arg>0x7ffb142e6fff</arg>
  <arg>8</arg>
  <severity>INFO</severity>
  <timestamp>Mon Sep 20 18:54:40 2021</timestamp>
</msg>
<msg id="13" tool="tc">
  <type>LOAD_MODULE</type>
  <arg>c:\windows\system32\vcruntime140_1d.dll</arg>
  <arg>0x7ffb8caf0000</arg>
  <arg>0x7ffb8cafefff</arg>
  <arg>9</arg>
  <severity>INFO</severity>
  <timestamp>Mon Sep 20 18:54:40 2021</timestamp>
</msg>
<msg id="14" tool="tc">
  <type>LOAD_MODULE</type>
  <arg>c:\program files (x86)\intel\oneapi\advisor\2021.2.0\bin32\runtime\libittnotify.dll</arg>
  <arg>0x7bc30000</arg>
  <arg>0x7bc83fff</arg>
  <arg>10</arg>
  <severity>INFO</severity>
  <timestamp>Mon Sep 20 18:54:47 2021</timestamp>
</msg>
<msg id="15" tool="tc">
  <type>UNLOAD_MODULE</type>
  <arg>c:\program files (x86)\intel\oneapi\advisor\2021.2.0\bin32\runtime\libittnotify.dll</arg>
  <arg>10</arg>
  <severity>INFO</severity>
  <timestamp>Mon Sep 20 18:54:47 2021</timestamp>
</msg>
<msg id="16" tool="tc">
  <type>LOAD_MODULE</type>
  <arg>c:\program files (x86)\intel\oneapi\advisor\2021.2.0\bin64\runtime\libittnotify.dll</arg>
  <arg>0x7ffb43d70000</arg>
  <arg>0x7ffb43de0fff</arg>
  <arg>11</arg>
  <severity>INFO</severity>
  <timestamp>Mon Sep 20 18:54:47 2021</timestamp>
</msg>
<msg id="17" tool="tc">
  <type>LOAD_MODULE</type>
  <arg>c:\windows\system32\kernel.appcore.dll</arg>
  <arg>0x7ffb93570000</arg>
  <arg>0x7ffb93581fff</arg>
  <arg>12</arg>
  <severity>INFO</severity>
  <timestamp>Mon Sep 20 18:54:53 2021</timestamp>
</msg>
<msg id="18" tool="tc">
  <type>LOAD_MODULE</type>
  <arg>c:\windows\system32\msvcrt.dll</arg>
  <arg>0x7ffb962d0000</arg>
  <arg>0x7ffb9636dfff</arg>
  <arg>13</arg>
  <severity>INFO</severity>
  <timestamp>Mon Sep 20 18:54:53 2021</timestamp>
</msg>
<msg id="19" tool="tc">
  <type>LOAD_MODULE</type>
  <arg>c:\windows\system32\rpcrt4.dll</arg>
  <arg>0x7ffb95ca0000</arg>
  <arg>0x7ffb95dc9fff</arg>
  <arg>14</arg>
  <severity>INFO</severity>
  <timestamp>Mon Sep 20 18:54:53 2021</timestamp>
</msg>
<msg id="20" tool="tc">
  <type>UNLOAD_MODULE</type>
  <arg>c:\users\hp\desktop\github\application-programming-on-the-ips-system\dz2\x64\debug\dz2.exe</arg>
  <arg>2</arg>
  <severity>INFO</severity>
  <timestamp>Mon Sep 20 18:55:17 2021</timestamp>
</msg>
<msg id="21" tool="tc">
  <type>UNLOAD_MODULE</type>
  <arg>c:\windows\system32\kernelbase.dll</arg>
  <arg>3</arg>
  <severity>INFO</severity>
  <timestamp>Mon Sep 20 18:55:17 2021</timestamp>
</msg>
<msg id="22" tool="tc">
  <type>UNLOAD_MODULE</type>
  <arg>c:\windows\system32\kernel32.dll</arg>
  <arg>4</arg>
  <severity>INFO</severity>
  <timestamp>Mon Sep 20 18:55:17 2021</timestamp>
</msg>
<msg id="23" tool="tc">
  <type>UNLOAD_MODULE</type>
  <arg>c:\windows\system32\ntdll.dll</arg>
  <arg>5</arg>
  <severity>INFO</severity>
  <timestamp>Mon Sep 20 18:55:17 2021</timestamp>
</msg>
<msg id="24" tool="tc">
  <type>UNLOAD_MODULE</type>
  <arg>c:\windows\system32\vcruntime140d.dll</arg>
  <arg>6</arg>
  <severity>INFO</severity>
  <timestamp>Mon Sep 20 18:55:17 2021</timestamp>
</msg>
<msg id="25" tool="tc">
  <type>UNLOAD_MODULE</type>
  <arg>c:\windows\system32\msvcp140d.dll</arg>
  <arg>7</arg>
  <severity>INFO</severity>
  <timestamp>Mon Sep 20 18:55:17 2021</timestamp>
</msg>
<msg id="26" tool="tc">
  <type>UNLOAD_MODULE</type>
  <arg>c:\windows\system32\ucrtbased.dll</arg>
  <arg>8</arg>
  <severity>INFO</severity>
  <timestamp>Mon Sep 20 18:55:17 2021</timestamp>
</msg>
<msg id="27" tool="tc">
  <type>UNLOAD_MODULE</type>
  <arg>c:\windows\system32\vcruntime140_1d.dll</arg>
  <arg>9</arg>
  <severity>INFO</severity>
  <timestamp>Mon Sep 20 18:55:17 2021</timestamp>
</msg>
<msg id="28" tool="tc">
  <type>UNLOAD_MODULE</type>
  <arg>c:\program files (x86)\intel\oneapi\advisor\2021.2.0\bin64\runtime\libittnotify.dll</arg>
  <arg>11</arg>
  <severity>INFO</severity>
  <timestamp>Mon Sep 20 18:55:17 2021</timestamp>
</msg>
<msg id="29" tool="tc">
  <type>UNLOAD_MODULE</type>
  <arg>c:\windows\system32\kernel.appcore.dll</arg>
  <arg>12</arg>
  <severity>INFO</severity>
  <timestamp>Mon Sep 20 18:55:17 2021</timestamp>
</msg>
<msg id="30" tool="tc">
  <type>UNLOAD_MODULE</type>
  <arg>c:\windows\system32\msvcrt.dll</arg>
  <arg>13</arg>
  <severity>INFO</severity>
  <timestamp>Mon Sep 20 18:55:17 2021</timestamp>
</msg>
<msg id="31" tool="tc">
  <type>UNLOAD_MODULE</type>
  <arg>c:\windows\system32\rpcrt4.dll</arg>
  <arg>14</arg>
  <severity>INFO</severity>
  <timestamp>Mon Sep 20 18:55:17 2021</timestamp>
</msg>
<msg id="32" tool="tc">
  <type>PROCESS_TERMINATE</type>
  <arg>c:\users\hp\desktop\github\application-programming-on-the-ips-system\dz2\x64\debug\dz2.exe</arg>
  <arg>4532</arg>
  <severity>INFO</severity>
  <timestamp>Mon Sep 20 18:55:17 2021</timestamp>
</msg>
<msg id="33" tool="tc">
  <type>ANALYSIS_COMPLETE</type>
  <severity>INFO</severity>
  <timestamp>Mon Sep 20 18:55:17 2021</timestamp>
</msg>
<msg id="34" tool="tc">
  <type>STOP</type>
  <severity>INFO</severity>
  <timestamp>Mon Sep 20 18:55:17 2021</timestamp>
</msg>
<msg id="35" tool="runtool">
  <type>app-exit-code</type>
  <arg>0</arg>
</msg>
<msg id="36" tool="runtool">
  <type>marker-file</type>
  <arg>C:\Users\HP\Desktop\GitHub\application-programming-on-the-IPS-system\DZ2\My Advisor Results - DZ2\e000\dp000\dp000.advixe</arg>
</msg>
<msg id="37" tool="runtool">
  <type>collector-done</type>
</msg>
<msg id="38" tool="runtool">
  <type>log-end</type>
  <arg>2021/09/20 18:55:21</arg>
</msg>

</log>

