<?xml version="1.0" encoding="utf-8" ?>
<!-- DO NOT EDIT THIS FILE -->

<log version='2.0' source='tcet'>
	<!-- Opened annotation file C:\Program Files (x86)\Intel\oneAPI\advisor\2021.2.0\bin64\..\config\tc\qt.ant -->
	<!-- Opened annotation file C:\Program Files (x86)\Intel\oneAPI\advisor\2021.2.0\bin64\..\config\tc\cpp11.ant -->
	<!-- Opened annotation file C:\Program Files (x86)\Intel\oneAPI\advisor\2021.2.0\bin64\..\config\tc\cpp11_atomics.ant -->
	<!-- Opened annotation file C:\Program Files (x86)\Intel\oneAPI\advisor\2021.2.0\bin64\..\config\tc\fortran.ant -->
	<!-- Opened annotation file C:\Program Files (x86)\Intel\oneAPI\advisor\2021.2.0\bin64\..\config\tc\icl.ant -->
	<!-- Opened annotation file C:\Program Files (x86)\Intel\oneAPI\advisor\2021.2.0\bin64\..\config\tc\allocators.ant -->
	<!-- Opened annotation file C:\Program Files (x86)\Intel\oneAPI\advisor\2021.2.0\bin64\..\config\tc\userapi.ant -->
	<!-- Opened annotation file C:\Program Files (x86)\Intel\oneAPI\advisor\2021.2.0\bin64\..\config\tc\boost.ant -->
	<!-- Opened annotation file C:\Program Files (x86)\Intel\oneAPI\advisor\2021.2.0\bin64\..\config\tc\system_api_filter.ant -->
	<!-- Opened annotation file C:\Program Files (x86)\Intel\oneAPI\advisor\2021.2.0\bin64\..\config\tc\system_api.ant -->
	<msg id='1' display='false' source='tccore'>
		<type>START</type>
		<severity>INFO</severity>
		<timestamp>Mon Sep 20 18:54:33 2021</timestamp>
	</msg>
	<!-- Successfully loaded CCRT 13.10.0 at address 0x6d710000 - 0x6dab5000 -->
	<!-- Successfully loaded the TC Analysis Core 8.18.2 at address 0x7ffb2abb0000 - 0x7ffb2abd5000 -->
	<!-- Successfully loaded the TC Instrumentation Engine 8.18.2 at address 0x6db50000 - 0x6dd8f000 -->
	<!-- Environment: INTEL_LIBITTNOTIFY32=C:\Program Files (x86)\Intel\oneAPI\advisor\2021.2.0\bin32\runtime\libittnotify.dll -->
	<!-- Environment: INTEL_LIBITTNOTIFY64=C:\Program Files (x86)\Intel\oneAPI\advisor\2021.2.0\bin64\runtime\libittnotify.dll -->
	<!-- Environment: INTEL_JIT_PROFILER32=C:\Program Files (x86)\Intel\oneAPI\advisor\2021.2.0\bin32\pinjitprofiling.dll -->
	<!-- Environment: INTEL_JIT_PROFILER64=C:\Program Files (x86)\Intel\oneAPI\advisor\2021.2.0\bin64\pinjitprofiling.dll -->
	<!-- This is the instance of interest -->
	<msg id='2' source='tcet'>
		<type>EXEC_OF_INTEREST</type>
		<severity>INFO</severity>
		<timestamp>Mon Sep 20 18:54:33 2021</timestamp>
		<arg name='process'>c:\users\hp\desktop\github\application-programming-on-the-ips-system\dz2\x64\debug\dz2.exe</arg>
		<arg name='pid'>4532</arg>
	</msg>
	<msg id='3' source='tcet'>
		<type>LOAD_MODULE</type>
		<severity>INFO</severity>
		<timestamp>Mon Sep 20 18:54:34 2021</timestamp>
		<arg name='module'>c:\users\hp\desktop\github\application-programming-on-the-ips-system\dz2\x64\debug\dz2.exe</arg>
		<arg name='basement'>0x7ff6daf00000</arg>
		<arg name='ceiling'>0x7ff6daf30fff</arg>
		<arg name='id'>2</arg>
	</msg>
	<msg id='4' source='tcet'>
		<type>LOAD_MODULE</type>
		<severity>INFO</severity>
		<timestamp>Mon Sep 20 18:54:34 2021</timestamp>
		<arg name='module'>c:\windows\system32\kernelbase.dll</arg>
		<arg name='basement'>0x7ffb94880000</arg>
		<arg name='ceiling'>0x7ffb94b48fff</arg>
		<arg name='id'>3</arg>
	</msg>
	<!-- Target OS: Win8 or Server 2K2012 or later -->
	<msg id='5' source='tcet'>
		<type>LOAD_MODULE</type>
		<severity>INFO</severity>
		<timestamp>Mon Sep 20 18:54:35 2021</timestamp>
		<arg name='module'>c:\windows\system32\kernel32.dll</arg>
		<arg name='basement'>0x7ffb950d0000</arg>
		<arg name='ceiling'>0x7ffb9518cfff</arg>
		<arg name='id'>4</arg>
	</msg>
	<!-- Target OS: Win8 or Server 2K2012 or later -->
	<msg id='6' source='tcet'>
		<type>LOAD_MODULE</type>
		<severity>INFO</severity>
		<timestamp>Mon Sep 20 18:54:35 2021</timestamp>
		<arg name='module'>c:\windows\system32\ntdll.dll</arg>
		<arg name='basement'>0x7ffb97070000</arg>
		<arg name='ceiling'>0x7ffb97264fff</arg>
		<arg name='id'>5</arg>
	</msg>
	<!-- Target OS: Win8 or Server 2K2012 or later -->
	<msg id='7' source='tcet'>
		<type>LOAD_MODULE</type>
		<severity>INFO</severity>
		<timestamp>Mon Sep 20 18:54:38 2021</timestamp>
		<arg name='module'>c:\windows\system32\vcruntime140d.dll</arg>
		<arg name='basement'>0x7ffb7d180000</arg>
		<arg name='ceiling'>0x7ffb7d1aafff</arg>
		<arg name='id'>6</arg>
	</msg>
	<msg id='8' source='tcet'>
		<type>LOAD_MODULE</type>
		<severity>INFO</severity>
		<timestamp>Mon Sep 20 18:54:38 2021</timestamp>
		<arg name='module'>c:\windows\system32\msvcp140d.dll</arg>
		<arg name='basement'>0x7ffb142f0000</arg>
		<arg name='ceiling'>0x7ffb143d2fff</arg>
		<arg name='id'>7</arg>
	</msg>
	<msg id='9' source='tcet'>
		<type>LOAD_MODULE</type>
		<severity>INFO</severity>
		<timestamp>Mon Sep 20 18:54:40 2021</timestamp>
		<arg name='module'>c:\windows\system32\ucrtbased.dll</arg>
		<arg name='basement'>0x7ffb14120000</arg>
		<arg name='ceiling'>0x7ffb142e6fff</arg>
		<arg name='id'>8</arg>
	</msg>
	<msg id='10' source='tcet'>
		<type>LOAD_MODULE</type>
		<severity>INFO</severity>
		<timestamp>Mon Sep 20 18:54:40 2021</timestamp>
		<arg name='module'>c:\windows\system32\vcruntime140_1d.dll</arg>
		<arg name='basement'>0x7ffb8caf0000</arg>
		<arg name='ceiling'>0x7ffb8cafefff</arg>
		<arg name='id'>9</arg>
	</msg>
	<msg id='11' source='tcet'>
		<type>LOAD_MODULE</type>
		<severity>INFO</severity>
		<timestamp>Mon Sep 20 18:54:47 2021</timestamp>
		<arg name='module'>c:\program files (x86)\intel\oneapi\advisor\2021.2.0\bin32\runtime\libittnotify.dll</arg>
		<arg name='basement'>0x7bc30000</arg>
		<arg name='ceiling'>0x7bc83fff</arg>
		<arg name='id'>10</arg>
	</msg>
	<!-- Target OS: Win8 or Server 2K2012 or later -->
	<!-- Routine at entry point of image libittnotify.dll is invalid -->
	<msg id='12' source='tcet'>
		<type>UNLOAD_MODULE</type>
		<severity>INFO</severity>
		<timestamp>Mon Sep 20 18:54:47 2021</timestamp>
		<arg name='module'>c:\program files (x86)\intel\oneapi\advisor\2021.2.0\bin32\runtime\libittnotify.dll</arg>
		<arg name='id'>10</arg>
	</msg>
	<msg id='13' source='tcet'>
		<type>LOAD_MODULE</type>
		<severity>INFO</severity>
		<timestamp>Mon Sep 20 18:54:47 2021</timestamp>
		<arg name='module'>c:\program files (x86)\intel\oneapi\advisor\2021.2.0\bin64\runtime\libittnotify.dll</arg>
		<arg name='basement'>0x7ffb43d70000</arg>
		<arg name='ceiling'>0x7ffb43de0fff</arg>
		<arg name='id'>11</arg>
	</msg>
	<!-- Target OS: Win8 or Server 2K2012 or later -->
	<msg id='14' source='tcet'>
		<type>LOAD_MODULE</type>
		<severity>INFO</severity>
		<timestamp>Mon Sep 20 18:54:53 2021</timestamp>
		<arg name='module'>c:\windows\system32\kernel.appcore.dll</arg>
		<arg name='basement'>0x7ffb93570000</arg>
		<arg name='ceiling'>0x7ffb93581fff</arg>
		<arg name='id'>12</arg>
	</msg>
	<msg id='15' source='tcet'>
		<type>LOAD_MODULE</type>
		<severity>INFO</severity>
		<timestamp>Mon Sep 20 18:54:53 2021</timestamp>
		<arg name='module'>c:\windows\system32\msvcrt.dll</arg>
		<arg name='basement'>0x7ffb962d0000</arg>
		<arg name='ceiling'>0x7ffb9636dfff</arg>
		<arg name='id'>13</arg>
	</msg>
	<msg id='16' source='tcet'>
		<type>LOAD_MODULE</type>
		<severity>INFO</severity>
		<timestamp>Mon Sep 20 18:54:53 2021</timestamp>
		<arg name='module'>c:\windows\system32\rpcrt4.dll</arg>
		<arg name='basement'>0x7ffb95ca0000</arg>
		<arg name='ceiling'>0x7ffb95dc9fff</arg>
		<arg name='id'>14</arg>
	</msg>
	<!-- A thread end notification for 2 was received by thread 0 -->
	<!-- A thread end notification for 3 was received by thread 0 -->
	<!-- A thread end notification for 4 was received by thread 0 -->
	<msg id='17' source='tcet'>
		<type>UNLOAD_MODULE</type>
		<severity>INFO</severity>
		<timestamp>Mon Sep 20 18:55:17 2021</timestamp>
		<arg name='module'>c:\users\hp\desktop\github\application-programming-on-the-ips-system\dz2\x64\debug\dz2.exe</arg>
		<arg name='id'>2</arg>
	</msg>
	<msg id='18' source='tcet'>
		<type>UNLOAD_MODULE</type>
		<severity>INFO</severity>
		<timestamp>Mon Sep 20 18:55:17 2021</timestamp>
		<arg name='module'>c:\windows\system32\kernelbase.dll</arg>
		<arg name='id'>3</arg>
	</msg>
	<msg id='19' source='tcet'>
		<type>UNLOAD_MODULE</type>
		<severity>INFO</severity>
		<timestamp>Mon Sep 20 18:55:17 2021</timestamp>
		<arg name='module'>c:\windows\system32\kernel32.dll</arg>
		<arg name='id'>4</arg>
	</msg>
	<msg id='20' source='tcet'>
		<type>UNLOAD_MODULE</type>
		<severity>INFO</severity>
		<timestamp>Mon Sep 20 18:55:17 2021</timestamp>
		<arg name='module'>c:\windows\system32\ntdll.dll</arg>
		<arg name='id'>5</arg>
	</msg>
	<msg id='21' source='tcet'>
		<type>UNLOAD_MODULE</type>
		<severity>INFO</severity>
		<timestamp>Mon Sep 20 18:55:17 2021</timestamp>
		<arg name='module'>c:\windows\system32\vcruntime140d.dll</arg>
		<arg name='id'>6</arg>
	</msg>
	<msg id='22' source='tcet'>
		<type>UNLOAD_MODULE</type>
		<severity>INFO</severity>
		<timestamp>Mon Sep 20 18:55:17 2021</timestamp>
		<arg name='module'>c:\windows\system32\msvcp140d.dll</arg>
		<arg name='id'>7</arg>
	</msg>
	<msg id='23' source='tcet'>
		<type>UNLOAD_MODULE</type>
		<severity>INFO</severity>
		<timestamp>Mon Sep 20 18:55:17 2021</timestamp>
		<arg name='module'>c:\windows\system32\ucrtbased.dll</arg>
		<arg name='id'>8</arg>
	</msg>
	<msg id='24' source='tcet'>
		<type>UNLOAD_MODULE</type>
		<severity>INFO</severity>
		<timestamp>Mon Sep 20 18:55:17 2021</timestamp>
		<arg name='module'>c:\windows\system32\vcruntime140_1d.dll</arg>
		<arg name='id'>9</arg>
	</msg>
	<msg id='25' source='tcet'>
		<type>UNLOAD_MODULE</type>
		<severity>INFO</severity>
		<timestamp>Mon Sep 20 18:55:17 2021</timestamp>
		<arg name='module'>c:\program files (x86)\intel\oneapi\advisor\2021.2.0\bin64\runtime\libittnotify.dll</arg>
		<arg name='id'>11</arg>
	</msg>
	<msg id='26' source='tcet'>
		<type>UNLOAD_MODULE</type>
		<severity>INFO</severity>
		<timestamp>Mon Sep 20 18:55:17 2021</timestamp>
		<arg name='module'>c:\windows\system32\kernel.appcore.dll</arg>
		<arg name='id'>12</arg>
	</msg>
	<msg id='27' source='tcet'>
		<type>UNLOAD_MODULE</type>
		<severity>INFO</severity>
		<timestamp>Mon Sep 20 18:55:17 2021</timestamp>
		<arg name='module'>c:\windows\system32\msvcrt.dll</arg>
		<arg name='id'>13</arg>
	</msg>
	<msg id='28' source='tcet'>
		<type>UNLOAD_MODULE</type>
		<severity>INFO</severity>
		<timestamp>Mon Sep 20 18:55:17 2021</timestamp>
		<arg name='module'>c:\windows\system32\rpcrt4.dll</arg>
		<arg name='id'>14</arg>
	</msg>
	<msg id='29' source='tcet'>
		<type>PROCESS_TERMINATE</type>
		<severity>INFO</severity>
		<timestamp>Mon Sep 20 18:55:17 2021</timestamp>
		<arg name='process'>c:\users\hp\desktop\github\application-programming-on-the-ips-system\dz2\x64\debug\dz2.exe</arg>
		<arg name='pid'>4532</arg>
	</msg>
	<msg id='30' display='false' source='tccore'>
		<type>ANALYSIS_COMPLETE</type>
		<severity>INFO</severity>
		<timestamp>Mon Sep 20 18:55:17 2021</timestamp>
	</msg>
	<msg id='31' display='false' source='tccore'>
		<type>STOP</type>
		<severity>INFO</severity>
		<timestamp>Mon Sep 20 18:55:17 2021</timestamp>
	</msg>
</log>