<?xml version="1.0" encoding="utf-8" ?>
<!-- DO NOT EDIT THIS FILE -->

<log version='2.0' source='mc'>
	<!-- Successfully loaded CCRT at address 0x7bab0000 - 0x7bdc2000 -->
	<!-- Successfully loaded MC at address 0x7b680000 - 0x7ba5a000 -->
	<!-- Analysis started for c:\users\hp\desktop\github\application-programming-on-the-ips-system\dz4\release\dz4.exe, pid = 17172 -->
	<msg id='1' source='mc'>
		<type>EXEC_OF_INTEREST</type>
		<severity>INFO</severity>
		<timestamp>Fri Jun 18 15:59:12 2021</timestamp>
		<arg name='path'>c:\users\hp\desktop\github\application-programming-on-the-ips-system\dz4\release\dz4.exe</arg>
		<arg name='pid'>17172</arg>
	</msg>
	<!-- Command line: C:\Program Files (x86)\Intel\oneAPI\inspector\2021.2.0\bin32\pin -xyzzy -mesgoff console -xyzzy -bridge_save_x87 0 -bridge_save_mxcsr 0 -follow_execv -error_file C:\Users\HP\Desktop\GitHub\application-programming-on-the-IPS-system\DZ4\My Inspector Results - DZ4\r001mi3\data.0\pin_error.log -logfile C:\Users\HP\Desktop\GitHub\application-programming-on-the-IPS-system\DZ4\My Inspector Results - DZ4\r001mi3\data.0\pin.log -xyzzy -region_max_inss 500 -p64 C:\Program Files (x86)\Intel\oneAPI\inspector\2021.2.0\bin64\pin -t64 C:\Program Files (x86)\Intel\oneAPI\inspector\2021.2.0\bin64\memchkr.dll -t C:\Program Files (x86)\Intel\oneAPI\inspector\2021.2.0\bin32\memchkr.dll -no-analyze-stack -access-checks -leak-check-on-exit -leak-check-on-demand -enable-memory-growth -leak-check-report-reachable -check-resource-leaks -freelist-vol 1000000 -leak-maximum 100000 -guard-zone-size 32 -stack-depth 16 -heartbeat 1 -mrte-mode auto -working-dir C:\Users\HP\Desktop\GitHub\application-programming-on-the-IPS-system\DZ4\My Inspector Results - DZ4\r001mi3\data.0 -support_jit_api -log mc_DZ4.log -result DZ4 - C:\Users\HP\Desktop\GitHub\application-programming-on-the-IPS-system\DZ4\Release\DZ4.exe  -->
	<!-- mc's options are the following:  -->
	<!-- -help                              false -->
	<!-- -verbose                           false -->
	<!-- -xyzzy                             false -->
	<!-- -version                           false -->
	<!-- -help-all                          false -->
	<!-- -xyzzy-all                         false -->
	<!-- -report-all-instances              false -->
	<!-- -check-for-padded-structures       true -->
	<!-- -check-for-bitfields               true -->
	<!-- -analyze-stack                     false -->
	<!-- -access-checks                     true -->
	<!-- -track-origins                     true -->
	<!-- -duplicate-uninits                 false -->
	<!-- -bss-initialized                   true -->
	<!-- -align-alloc-size                  false -->
	<!-- -report-uninit-read                false -->
	<!-- -ignore-system-libraries           false -->
	<!-- -gen-suppressions                  false -->
	<!-- -leak-check-on-exit                true -->
	<!-- -leak-check-on-demand              true -->
	<!-- -leak-check-uses-baseline          true -->
	<!-- -enable-memory-growth              true -->
	<!-- -leak-check-report-reachable       true -->
	<!-- -leak-check-full                   true -->
	<!-- -check-resource-leaks              true -->
	<!-- -trace-children                    false -->
	<!-- -enable-poke                       false -->
	<!-- -jit-mode-anyway                   false -->
	<!-- -disable-probe-mode-mismatches-64  true -->
	<!-- -aggressive-callstack-caching      false -->
	<!-- -suppress-breakpoints              false -->
	<!-- -monitor-memory                    false -->
	<!-- -freelist-vol                      1000000 -->
	<!-- -leak-maximum                      100000 -->
	<!-- -guard-zone-size                   32 -->
	<!-- -stack-depth                       16 -->
	<!-- -heartbeat                         1 -->
	<!-- -breakpoint-file                   (null) -->
	<!-- -config-file                       (null) -->
	<!-- -log                               mc_dz4.log -->
	<!-- -ignore-commands                   (null),  -->
	<!-- -ignore-modules                    (null),  -->
	<!-- -ignore-symbols                    (null),  -->
	<!-- -module-of-interest                (null),  -->
	<!-- -executable-of-interest            (null),  -->
	<!-- -working-dir                       c:\users\hp\desktop\github\application-programming-on-the-ips-system\dz4\my inspector results - dz4\r001mi3\data.0 -->
	<!-- -result                            dz4 -->
	<!-- -exclude-module                    (null),  -->
	<!-- -include-module                    (null),  -->
	<!-- -only-exec-commands                (null),  -->
	<!-- -suppressions                      (null),  -->
	<!-- -debug                             none -->
	<!-- -shared-mem-name                   (null) -->
	<!-- -poke-function                     (null),  -->
	<!-- -analysis-mode                     (null) -->
	<!-- -disable-gatekeeping               false -->
	<!-- -ignore-os-allocators              false -->
	<!-- -mrte-mode                         auto -->
	<!-- probe mode: no -->
	<!-- mem leaks checks: yes -->
	<!-- res leaks checks: yes -->
	<!-- access checks: yes -->
	<!-- track origin: yes -->
	<!-- Environment: INTEL_LIBITTNOTIFY32=C:\Program Files (x86)\Intel\oneAPI\inspector\2021.2.0\bin32\runtime\libittnotify.dll -->
	<!-- Environment: INTEL_LIBITTNOTIFY64=C:\Program Files (x86)\Intel\oneAPI\inspector\2021.2.0\bin64\runtime\libittnotify.dll -->
	<!-- Environment: INTEL_JIT_PROFILER32=C:\Program Files (x86)\Intel\oneAPI\inspector\2021.2.0\bin32\pinjitprofiling.dll -->
	<!-- Environment: INTEL_JIT_PROFILER64=C:\Program Files (x86)\Intel\oneAPI\inspector\2021.2.0\bin64\pinjitprofiling.dll -->
	<!-- Module loaded c:\users\hp\desktop\github\application-programming-on-the-ips-system\dz4\release\dz4.exe, address range [0x00f30000-0x00f37fff] -->
	<msg id='2' source='mc'>
		<type>MODULE_LOAD</type>
		<severity>INFO</severity>
		<timestamp>Fri Jun 18 15:59:12 2021</timestamp>
		<arg name='path'>c:\users\hp\desktop\github\application-programming-on-the-ips-system\dz4\release\dz4.exe</arg>
		<arg name='addr1'>0xf30000</arg>
		<arg name='addr2'>0xf37fff</arg>
	</msg>
	<!-- Module loaded c:\windows\syswow64\kernel32.dll, address range [0x75bd0000-0x75cbffff] -->
	<msg id='3' source='mc'>
		<type>MODULE_LOAD</type>
		<severity>INFO</severity>
		<timestamp>Fri Jun 18 15:59:12 2021</timestamp>
		<arg name='path'>c:\windows\syswow64\kernel32.dll</arg>
		<arg name='addr1'>0x75bd0000</arg>
		<arg name='addr2'>0x75cbffff</arg>
	</msg>
	<!-- Module loaded c:\windows\syswow64\kernelbase.dll, address range [0x76500000-0x76713fff] -->
	<msg id='4' source='mc'>
		<type>MODULE_LOAD</type>
		<severity>INFO</severity>
		<timestamp>Fri Jun 18 15:59:12 2021</timestamp>
		<arg name='path'>c:\windows\syswow64\kernelbase.dll</arg>
		<arg name='addr1'>0x76500000</arg>
		<arg name='addr2'>0x76713fff</arg>
	</msg>
	<!-- Module loaded c:\windows\syswow64\ntdll.dll, address range [0x77630000-0x777d2fff] -->
	<msg id='5' source='mc'>
		<type>MODULE_LOAD</type>
		<severity>INFO</severity>
		<timestamp>Fri Jun 18 15:59:13 2021</timestamp>
		<arg name='path'>c:\windows\syswow64\ntdll.dll</arg>
		<arg name='addr1'>0x77630000</arg>
		<arg name='addr2'>0x777d2fff</arg>
	</msg>
	<!-- DIAG: 1 -->
	<!-- DIAG: 2 -->
	<!-- Module loaded c:\windows\syswow64\ucrtbase.dll, address range [0x75f20000-0x7603ffff] -->
	<msg id='6' source='mc'>
		<type>MODULE_LOAD</type>
		<severity>INFO</severity>
		<timestamp>Fri Jun 18 15:59:16 2021</timestamp>
		<arg name='path'>c:\windows\syswow64\ucrtbase.dll</arg>
		<arg name='addr1'>0x75f20000</arg>
		<arg name='addr2'>0x7603ffff</arg>
	</msg>
	<!-- DIAG: 3 -->
	<!-- DIAG: 4 -->
	<!-- Module loaded c:\windows\syswow64\msvcp140.dll, address range [0x0c7e0000-0x0c84cfff] -->
	<msg id='7' source='mc'>
		<type>MODULE_LOAD</type>
		<severity>INFO</severity>
		<timestamp>Fri Jun 18 15:59:18 2021</timestamp>
		<arg name='path'>c:\windows\syswow64\msvcp140.dll</arg>
		<arg name='addr1'>0xc7e0000</arg>
		<arg name='addr2'>0xc84cfff</arg>
	</msg>
	<!-- Module loaded c:\windows\syswow64\vcruntime140.dll, address range [0x74a50000-0x74a63fff] -->
	<msg id='8' source='mc'>
		<type>MODULE_LOAD</type>
		<severity>INFO</severity>
		<timestamp>Fri Jun 18 15:59:18 2021</timestamp>
		<arg name='path'>c:\windows\syswow64\vcruntime140.dll</arg>
		<arg name='addr1'>0x74a50000</arg>
		<arg name='addr2'>0x74a63fff</arg>
	</msg>
	<!-- Module unloaded C:\Windows\SysWOW64\msvcp140.dll -->
	<msg id='9' source='mc'>
		<type>MODULE_UNLOAD</type>
		<severity>INFO</severity>
		<timestamp>Fri Jun 18 15:59:18 2021</timestamp>
		<arg name='path'>C:\Windows\SysWOW64\msvcp140.dll</arg>
	</msg>
	<!-- Module loaded c:\windows\syswow64\msvcp140.dll, address range [0x0c7e0000-0x0c84cfff] -->
	<msg id='10' source='mc'>
		<type>MODULE_LOAD</type>
		<severity>INFO</severity>
		<timestamp>Fri Jun 18 15:59:19 2021</timestamp>
		<arg name='path'>c:\windows\syswow64\msvcp140.dll</arg>
		<arg name='addr1'>0xc7e0000</arg>
		<arg name='addr2'>0xc84cfff</arg>
	</msg>
	<!-- Heartbeat, tids = 14960,1200,17404,17388, syscallStatus = 0,1,1,1, calls = 93995,254,1410,278 -->
	<msg id='11' display='false' source='mc'>
		<type>HEARTBEAT</type>
		<severity>INFO</severity>
		<timestamp>Fri Jun 18 15:59:23 2021</timestamp>
		<arg name='tids'>14960,1200,17404,17388</arg>
		<arg name='syscalls'>0,1,1,1</arg>
		<arg name='calls'>93995,254,1410,278</arg>
	</msg>
	<!-- DIAG: 5 -->
	<!-- DIAG: 6 -->
	<!-- Heartbeat, tids = 14960,1200,17404,17388, syscallStatus = 0,1,1,1, calls = 13837,0,0,0 -->
	<msg id='12' display='false' source='mc'>
		<type>HEARTBEAT</type>
		<severity>INFO</severity>
		<timestamp>Fri Jun 18 15:59:24 2021</timestamp>
		<arg name='tids'>14960,1200,17404,17388</arg>
		<arg name='syscalls'>0,1,1,1</arg>
		<arg name='calls'>13837,0,0,0</arg>
	</msg>
	<!-- Module loaded c:\windows\syswow64\kernel.appcore.dll, address range [0x750b0000-0x750befff] -->
	<msg id='13' source='mc'>
		<type>MODULE_LOAD</type>
		<severity>INFO</severity>
		<timestamp>Fri Jun 18 15:59:25 2021</timestamp>
		<arg name='path'>c:\windows\syswow64\kernel.appcore.dll</arg>
		<arg name='addr1'>0x750b0000</arg>
		<arg name='addr2'>0x750befff</arg>
	</msg>
	<!-- Module loaded c:\windows\syswow64\msvcrt.dll, address range [0x75950000-0x75a0efff] -->
	<msg id='14' source='mc'>
		<type>MODULE_LOAD</type>
		<severity>INFO</severity>
		<timestamp>Fri Jun 18 15:59:25 2021</timestamp>
		<arg name='path'>c:\windows\syswow64\msvcrt.dll</arg>
		<arg name='addr1'>0x75950000</arg>
		<arg name='addr2'>0x75a0efff</arg>
	</msg>
	<!-- Module loaded c:\windows\syswow64\rpcrt4.dll, address range [0x75d30000-0x75deffff] -->
	<msg id='15' source='mc'>
		<type>MODULE_LOAD</type>
		<severity>INFO</severity>
		<timestamp>Fri Jun 18 15:59:25 2021</timestamp>
		<arg name='path'>c:\windows\syswow64\rpcrt4.dll</arg>
		<arg name='addr1'>0x75d30000</arg>
		<arg name='addr2'>0x75deffff</arg>
	</msg>
	<!-- Heartbeat, tids = 14960,1200,17404,17388, syscallStatus = 0,1,1,1, calls = 29513,556,241,0 -->
	<msg id='16' display='false' source='mc'>
		<type>HEARTBEAT</type>
		<severity>INFO</severity>
		<timestamp>Fri Jun 18 15:59:25 2021</timestamp>
		<arg name='tids'>14960,1200,17404,17388</arg>
		<arg name='syscalls'>0,1,1,1</arg>
		<arg name='calls'>29513,556,241,0</arg>
	</msg>
	<!-- DIAG: 7 -->
	<!-- DIAG: 8 -->
	<!-- DIAG: 9 -->
	<!-- DIAG: 10 -->
	<!-- Process c:\users\hp\desktop\github\application-programming-on-the-ips-system\dz4\release\dz4.exe exited with code 0. Leak analysis starting - this may take a while. -->
	<msg id='17' source='mc'>
		<type>PROCESS_COMPLETE</type>
		<severity>INFO</severity>
		<timestamp>Fri Jun 18 15:59:27 2021</timestamp>
		<arg name='path'>c:\users\hp\desktop\github\application-programming-on-the-ips-system\dz4\release\dz4.exe</arg>
		<arg name='code'>0</arg>
	</msg>
	<!-- Module unloaded C:\Users\HP\Desktop\GitHub\application-programming-on-the-IPS-system\DZ4\Release\DZ4.exe -->
	<msg id='18' source='mc'>
		<type>MODULE_UNLOAD</type>
		<severity>INFO</severity>
		<timestamp>Fri Jun 18 15:59:27 2021</timestamp>
		<arg name='path'>C:\Users\HP\Desktop\GitHub\application-programming-on-the-IPS-system\DZ4\Release\DZ4.exe</arg>
	</msg>
	<!-- Module unloaded C:\Windows\SysWOW64\kernel32.dll -->
	<msg id='19' source='mc'>
		<type>MODULE_UNLOAD</type>
		<severity>INFO</severity>
		<timestamp>Fri Jun 18 15:59:27 2021</timestamp>
		<arg name='path'>C:\Windows\SysWOW64\kernel32.dll</arg>
	</msg>
	<!-- Module unloaded C:\Windows\SysWOW64\KernelBase.dll -->
	<msg id='20' source='mc'>
		<type>MODULE_UNLOAD</type>
		<severity>INFO</severity>
		<timestamp>Fri Jun 18 15:59:27 2021</timestamp>
		<arg name='path'>C:\Windows\SysWOW64\KernelBase.dll</arg>
	</msg>
	<!-- Module unloaded C:\Windows\SysWOW64\ntdll.dll -->
	<msg id='21' source='mc'>
		<type>MODULE_UNLOAD</type>
		<severity>INFO</severity>
		<timestamp>Fri Jun 18 15:59:27 2021</timestamp>
		<arg name='path'>C:\Windows\SysWOW64\ntdll.dll</arg>
	</msg>
	<!-- Module unloaded C:\Windows\SysWOW64\ucrtbase.dll -->
	<msg id='22' source='mc'>
		<type>MODULE_UNLOAD</type>
		<severity>INFO</severity>
		<timestamp>Fri Jun 18 15:59:27 2021</timestamp>
		<arg name='path'>C:\Windows\SysWOW64\ucrtbase.dll</arg>
	</msg>
	<!-- Module unloaded C:\Windows\SysWOW64\vcruntime140.dll -->
	<msg id='23' source='mc'>
		<type>MODULE_UNLOAD</type>
		<severity>INFO</severity>
		<timestamp>Fri Jun 18 15:59:27 2021</timestamp>
		<arg name='path'>C:\Windows\SysWOW64\vcruntime140.dll</arg>
	</msg>
	<!-- Module unloaded C:\Windows\SysWOW64\msvcp140.dll -->
	<msg id='24' source='mc'>
		<type>MODULE_UNLOAD</type>
		<severity>INFO</severity>
		<timestamp>Fri Jun 18 15:59:27 2021</timestamp>
		<arg name='path'>C:\Windows\SysWOW64\msvcp140.dll</arg>
	</msg>
	<!-- Module unloaded C:\Windows\SysWOW64\kernel.appcore.dll -->
	<msg id='25' source='mc'>
		<type>MODULE_UNLOAD</type>
		<severity>INFO</severity>
		<timestamp>Fri Jun 18 15:59:27 2021</timestamp>
		<arg name='path'>C:\Windows\SysWOW64\kernel.appcore.dll</arg>
	</msg>
	<!-- Module unloaded C:\Windows\SysWOW64\msvcrt.dll -->
	<msg id='26' source='mc'>
		<type>MODULE_UNLOAD</type>
		<severity>INFO</severity>
		<timestamp>Fri Jun 18 15:59:27 2021</timestamp>
		<arg name='path'>C:\Windows\SysWOW64\msvcrt.dll</arg>
	</msg>
	<!-- Module unloaded C:\Windows\SysWOW64\rpcrt4.dll -->
	<msg id='27' source='mc'>
		<type>MODULE_UNLOAD</type>
		<severity>INFO</severity>
		<timestamp>Fri Jun 18 15:59:27 2021</timestamp>
		<arg name='path'>C:\Windows\SysWOW64\rpcrt4.dll</arg>
	</msg>
	<!-- DIAG: 11 -->
	<!-- DIAG: 12 -->
	<!-- DIAG: 13 -->
	<!-- DIAG: 14 -->
	<!-- DIAG: 15 -->
	<!-- DIAG: 16 -->
	<!-- DIAG: 17 -->
	<!-- DIAG: 18 -->
	<!-- DIAG: 19 -->
	<!-- DIAG: 20 -->
	<!-- DIAG: 21 -->
	<!-- DIAG: 22 -->
	<!-- DIAG: 23 -->
	<!-- DIAG: 24 -->
	<!-- DIAG: 25 -->
	<!-- DIAG: 26 -->
	<!-- DIAG: 27 -->
	<!-- DIAG: 28 -->
	<!-- DIAG: 29 -->
	<!-- DIAG: 30 -->
	<!-- DIAG: 31 -->
	<!-- DIAG: 32 -->
	<!-- DIAG: 33 -->
	<!-- DIAG: 34 -->
	<!-- DIAG: 35 -->
	<!-- DIAG: 36 -->
	<!-- DIAG: 37 -->
	<!-- DIAG: 38 -->
	<!-- DIAG: 39 -->
	<!-- DIAG: 40 -->
	<!-- DIAG: 41 -->
	<!-- DIAG: 42 -->
	<!-- DIAG: 43 -->
	<!-- DIAG: 44 -->
	<!-- DIAG: 45 -->
	<!-- DIAG: 46 -->
	<!-- DIAG: 47 -->
	<!-- DIAG: 48 -->
	<!-- DIAG: 49 -->
	<!-- DIAG: 50 -->
	<!-- DIAG: 51 -->
	<!-- DIAG: 52 -->
	<!-- DIAG: 53 -->
	<!-- DIAG: 54 -->
	<!-- DIAG: 55 -->
	<!-- DIAG: 56 -->
	<!-- DIAG: 57 -->
	<!-- DIAG: 58 -->
	<!-- DIAG: 59 -->
	<!-- DIAG: 60 -->
	<!-- DIAG: 61 -->
	<!-- Analysis completed for c:\users\hp\desktop\github\application-programming-on-the-ips-system\dz4\release\dz4.exe -->
	<msg id='28' source='mc'>
		<type>ANALYSIS_COMPLETE</type>
		<severity>INFO</severity>
		<timestamp>Fri Jun 18 15:59:27 2021</timestamp>
		<arg name='path'>c:\users\hp\desktop\github\application-programming-on-the-ips-system\dz4\release\dz4.exe</arg>
	</msg>