<?xml version="1.0" encoding="utf-8" ?>
<!-- DO NOT EDIT THIS FILE -->

<log version='2.0' source='mc'>
	<!-- Successfully loaded CCRT at address 0x79370000 - 0x79682000 -->
	<!-- Successfully loaded MC at address 0x7af70000 - 0x7b34a000 -->
	<!-- Analysis started for c:\users\hp\desktop\github\application-programming-on-the-ips-system\dz4\debug\dz4.exe, pid = 17232 -->
	<msg id='1' source='mc'>
		<type>EXEC_OF_INTEREST</type>
		<severity>INFO</severity>
		<timestamp>Sun Sep 19 20:50:48 2021</timestamp>
		<arg name='path'>c:\users\hp\desktop\github\application-programming-on-the-ips-system\dz4\debug\dz4.exe</arg>
		<arg name='pid'>17232</arg>
	</msg>
	<!-- Command line: C:\Program Files (x86)\Intel\oneAPI\inspector\2021.2.0\bin32\pin -xyzzy -mesgoff console -xyzzy -bridge_save_x87 0 -bridge_save_mxcsr 0 -follow_execv -error_file C:\Users\HP\Desktop\GitHub\application-programming-on-the-IPS-system\DZ4\My Inspector Results - DZ4\r013mi1\data.0\pin_error.log -logfile C:\Users\HP\Desktop\GitHub\application-programming-on-the-IPS-system\DZ4\My Inspector Results - DZ4\r013mi1\data.0\pin.log -xyzzy -region_max_inss 500 -p64 C:\Program Files (x86)\Intel\oneAPI\inspector\2021.2.0\bin64\pin -t64 C:\Program Files (x86)\Intel\oneAPI\inspector\2021.2.0\bin64\memchkr.dll -t C:\Program Files (x86)\Intel\oneAPI\inspector\2021.2.0\bin32\memchkr.dll -no-analyze-stack -no-access-checks -leak-check-on-exit -leak-check-report-reachable -check-resource-leaks -freelist-vol 0 -leak-maximum 100000 -guard-zone-size 0 -stack-depth 8 -heartbeat 1 -mrte-mode auto -working-dir C:\Users\HP\Desktop\GitHub\application-programming-on-the-IPS-system\DZ4\My Inspector Results - DZ4\r013mi1\data.0 -support_jit_api -log mc_DZ4.log -result DZ4 - C:\Users\HP\Desktop\GitHub\application-programming-on-the-IPS-system\DZ4\Debug\DZ4.exe  -->
	<!-- mc's options are the following:  -->
	<!-- -help                              false -->
	<!-- -verbose                           false -->
	<!-- -xyzzy                             false -->
	<!-- -version                           false -->
	<!-- -help-all                          false -->
	<!-- -xyzzy-all                         false -->
	<!-- -report-all-instances              false -->
	<!-- -check-for-padded-structures       true -->
	<!-- -check-for-bitfields               true -->
	<!-- -analyze-stack                     false -->
	<!-- -access-checks                     false -->
	<!-- -track-origins                     true -->
	<!-- -duplicate-uninits                 false -->
	<!-- -bss-initialized                   true -->
	<!-- -align-alloc-size                  false -->
	<!-- -report-uninit-read                false -->
	<!-- -ignore-system-libraries           false -->
	<!-- -gen-suppressions                  false -->
	<!-- -leak-check-on-exit                true -->
	<!-- -leak-check-on-demand              false -->
	<!-- -leak-check-uses-baseline          true -->
	<!-- -enable-memory-growth              false -->
	<!-- -leak-check-report-reachable       true -->
	<!-- -leak-check-full                   true -->
	<!-- -check-resource-leaks              true -->
	<!-- -trace-children                    false -->
	<!-- -enable-poke                       false -->
	<!-- -jit-mode-anyway                   false -->
	<!-- -disable-probe-mode-mismatches-64  true -->
	<!-- -aggressive-callstack-caching      false -->
	<!-- -suppress-breakpoints              false -->
	<!-- -monitor-memory                    false -->
	<!-- -freelist-vol                      0 -->
	<!-- -leak-maximum                      100000 -->
	<!-- -guard-zone-size                   0 -->
	<!-- -stack-depth                       8 -->
	<!-- -heartbeat                         1 -->
	<!-- -breakpoint-file                   (null) -->
	<!-- -config-file                       (null) -->
	<!-- -log                               mc_dz4.log -->
	<!-- -ignore-commands                   (null),  -->
	<!-- -ignore-modules                    (null),  -->
	<!-- -ignore-symbols                    (null),  -->
	<!-- -module-of-interest                (null),  -->
	<!-- -executable-of-interest            (null),  -->
	<!-- -working-dir                       c:\users\hp\desktop\github\application-programming-on-the-ips-system\dz4\my inspector results - dz4\r013mi1\data.0 -->
	<!-- -result                            dz4 -->
	<!-- -exclude-module                    (null),  -->
	<!-- -include-module                    (null),  -->
	<!-- -only-exec-commands                (null),  -->
	<!-- -suppressions                      (null),  -->
	<!-- -debug                             none -->
	<!-- -shared-mem-name                   (null) -->
	<!-- -poke-function                     (null),  -->
	<!-- -analysis-mode                     (null) -->
	<!-- -disable-gatekeeping               false -->
	<!-- -ignore-os-allocators              false -->
	<!-- -mrte-mode                         auto -->
	<!-- probe mode: yes -->
	<!-- mem leaks checks: yes -->
	<!-- res leaks checks: yes -->
	<!-- access checks: no -->
	<!-- track origin: no -->
	<!-- Environment: INTEL_LIBITTNOTIFY32=C:\Program Files (x86)\Intel\oneAPI\inspector\2021.2.0\bin32\runtime\libittnotify.dll -->
	<!-- Environment: INTEL_LIBITTNOTIFY64=C:\Program Files (x86)\Intel\oneAPI\inspector\2021.2.0\bin64\runtime\libittnotify.dll -->
	<!-- Environment: INTEL_JIT_PROFILER32=C:\Program Files (x86)\Intel\oneAPI\inspector\2021.2.0\bin32\pinjitprofiling.dll -->
	<!-- Environment: INTEL_JIT_PROFILER64=C:\Program Files (x86)\Intel\oneAPI\inspector\2021.2.0\bin64\pinjitprofiling.dll -->
	<!-- DIAG: 1 -->
	<!-- Module loaded c:\users\hp\desktop\github\application-programming-on-the-ips-system\dz4\debug\dz4.exe, address range [0x00de0000-0x00e03fff] -->
	<msg id='2' source='mc'>
		<type>MODULE_LOAD</type>
		<severity>INFO</severity>
		<timestamp>Sun Sep 19 20:50:48 2021</timestamp>
		<arg name='path'>c:\users\hp\desktop\github\application-programming-on-the-ips-system\dz4\debug\dz4.exe</arg>
		<arg name='addr1'>0xde0000</arg>
		<arg name='addr2'>0xe03fff</arg>
	</msg>
	<!-- Module loaded c:\windows\syswow64\kernelbase.dll, address range [0x76a00000-0x76c13fff], minimal analysis -->
	<msg id='3' source='mc'>
		<type>MODULE_LOAD_NO_ANALYSIS</type>
		<severity>INFO</severity>
		<timestamp>Sun Sep 19 20:50:49 2021</timestamp>
		<arg name='path'>c:\windows\syswow64\kernelbase.dll</arg>
		<arg name='addr1'>0x76a00000</arg>
		<arg name='addr2'>0x76c13fff</arg>
	</msg>
	<!-- entry point not safe for probe insertion in kernel32.dll -->
	<!-- Module loaded c:\windows\syswow64\kernel32.dll, address range [0x77600000-0x776effff], minimal analysis -->
	<msg id='4' source='mc'>
		<type>MODULE_LOAD_NO_ANALYSIS</type>
		<severity>INFO</severity>
		<timestamp>Sun Sep 19 20:50:49 2021</timestamp>
		<arg name='path'>c:\windows\syswow64\kernel32.dll</arg>
		<arg name='addr1'>0x77600000</arg>
		<arg name='addr2'>0x776effff</arg>
	</msg>
	<!-- Module loaded c:\windows\syswow64\ntdll.dll, address range [0x77e30000-0x77fd2fff], minimal analysis -->
	<msg id='5' source='mc'>
		<type>MODULE_LOAD_NO_ANALYSIS</type>
		<severity>INFO</severity>
		<timestamp>Sun Sep 19 20:50:50 2021</timestamp>
		<arg name='path'>c:\windows\syswow64\ntdll.dll</arg>
		<arg name='addr1'>0x77e30000</arg>
		<arg name='addr2'>0x77fd2fff</arg>
	</msg>
	<!-- Module loaded c:\program files (x86)\intel\oneapi\inspector\2021.2.0\bin32\dnclrprofinfo.dll, address range [0x7b3a0000-0x7b3edfff], minimal analysis -->
	<msg id='6' source='mc'>
		<type>MODULE_LOAD_NO_ANALYSIS</type>
		<severity>INFO</severity>
		<timestamp>Sun Sep 19 20:50:50 2021</timestamp>
		<arg name='path'>c:\program files (x86)\intel\oneapi\inspector\2021.2.0\bin32\dnclrprofinfo.dll</arg>
		<arg name='addr1'>0x7b3a0000</arg>
		<arg name='addr2'>0x7b3edfff</arg>
	</msg>
	<!-- Module loaded c:\windows\syswow64\msvcp140d.dll, address range [0x03cc0000-0x03d72fff] -->
	<msg id='7' source='mc'>
		<type>MODULE_LOAD</type>
		<severity>INFO</severity>
		<timestamp>Sun Sep 19 20:50:52 2021</timestamp>
		<arg name='path'>c:\windows\syswow64\msvcp140d.dll</arg>
		<arg name='addr1'>0x3cc0000</arg>
		<arg name='addr2'>0x3d72fff</arg>
	</msg>
	<!-- Module loaded c:\windows\syswow64\vcomp140d.dll, address range [0x55960000-0x5598bfff] -->
	<msg id='8' source='mc'>
		<type>MODULE_LOAD</type>
		<severity>INFO</severity>
		<timestamp>Sun Sep 19 20:50:54 2021</timestamp>
		<arg name='path'>c:\windows\syswow64\vcomp140d.dll</arg>
		<arg name='addr1'>0x55960000</arg>
		<arg name='addr2'>0x5598bfff</arg>
	</msg>
	<!-- Module loaded c:\windows\syswow64\vcruntime140d.dll, address range [0x61b10000-0x61b2dfff] -->
	<msg id='9' source='mc'>
		<type>MODULE_LOAD</type>
		<severity>INFO</severity>
		<timestamp>Sun Sep 19 20:50:54 2021</timestamp>
		<arg name='path'>c:\windows\syswow64\vcruntime140d.dll</arg>
		<arg name='addr1'>0x61b10000</arg>
		<arg name='addr2'>0x61b2dfff</arg>
	</msg>
	<!-- Module loaded c:\windows\syswow64\ucrtbased.dll, address range [0x01a90000-0x01c05fff] -->
	<msg id='10' source='mc'>
		<type>MODULE_LOAD</type>
		<severity>INFO</severity>
		<timestamp>Sun Sep 19 20:50:55 2021</timestamp>
		<arg name='path'>c:\windows\syswow64\ucrtbased.dll</arg>
		<arg name='addr1'>0x1a90000</arg>
		<arg name='addr2'>0x1c05fff</arg>
	</msg>
	<!-- Module loaded c:\windows\syswow64\kernel.appcore.dll, address range [0x75860000-0x7586efff] -->
	<msg id='11' source='mc'>
		<type>MODULE_LOAD</type>
		<severity>INFO</severity>
		<timestamp>Sun Sep 19 20:50:55 2021</timestamp>
		<arg name='path'>c:\windows\syswow64\kernel.appcore.dll</arg>
		<arg name='addr1'>0x75860000</arg>
		<arg name='addr2'>0x7586efff</arg>
	</msg>
	<!-- Module loaded c:\windows\syswow64\msvcrt.dll, address range [0x75ef0000-0x75faefff], minimal analysis -->
	<msg id='12' source='mc'>
		<type>MODULE_LOAD_NO_ANALYSIS</type>
		<severity>INFO</severity>
		<timestamp>Sun Sep 19 20:50:55 2021</timestamp>
		<arg name='path'>c:\windows\syswow64\msvcrt.dll</arg>
		<arg name='addr1'>0x75ef0000</arg>
		<arg name='addr2'>0x75faefff</arg>
	</msg>
	<!-- Module loaded c:\windows\syswow64\rpcrt4.dll, address range [0x75fd0000-0x7608efff], minimal analysis -->
	<msg id='13' source='mc'>
		<type>MODULE_LOAD_NO_ANALYSIS</type>
		<severity>INFO</severity>
		<timestamp>Sun Sep 19 20:50:55 2021</timestamp>
		<arg name='path'>c:\windows\syswow64\rpcrt4.dll</arg>
		<arg name='addr1'>0x75fd0000</arg>
		<arg name='addr2'>0x7608efff</arg>
	</msg>
	<!-- DIAG: 2 -->
	<!-- Process c:\users\hp\desktop\github\application-programming-on-the-ips-system\dz4\debug\dz4.exe exited with code 0. Leak analysis starting - this may take a while. -->
	<msg id='14' source='mc'>
		<type>PROCESS_COMPLETE</type>
		<severity>INFO</severity>
		<timestamp>Sun Sep 19 20:50:55 2021</timestamp>
		<arg name='path'>c:\users\hp\desktop\github\application-programming-on-the-ips-system\dz4\debug\dz4.exe</arg>
		<arg name='code'>0</arg>
	</msg>
	<!-- Analysis completed for c:\users\hp\desktop\github\application-programming-on-the-ips-system\dz4\debug\dz4.exe -->
	<msg id='15' source='mc'>
		<type>ANALYSIS_COMPLETE</type>
		<severity>INFO</severity>
		<timestamp>Sun Sep 19 20:50:55 2021</timestamp>
		<arg name='path'>c:\users\hp\desktop\github\application-programming-on-the-ips-system\dz4\debug\dz4.exe</arg>
	</msg>