Collection status has changed. 1
Collection has been started.
Collection has stopped. Application exit code:  0
Finalizing results
Finalizing the result
Clearing the database
The database has been cleared, elapsed time is 1.328 seconds.
Loading raw data to the database
Loading 'systemcollector-12528-HP.sc' file
Loading '7348-6152.0.trace' file
Updating precomputed scalar metrics
Raw data has been loaded to the database, elapsed time is 0.721 seconds.
Processing profile metrics and debug information
Data transformations have been finished, elapsed time is 0.004 seconds.
Setting data model parameters
Resolving module symbols
Resolving information for `ntdll.dll'
Resolving information for `DZ2.exe'
Resolving information for `VCRUNTIME140D.dll'
Resolving information for `libittnotify.dll'
Finalization may slow down when loading files from the symbol server specified in the project properties.
Warning: Cannot locate debugging information for file `C:\WINDOWS\SYSTEM32\VCRUNTIME140D.dll'.
Warning: Cannot locate debugging information for file `C:\WINDOWS\SYSTEM32\ntdll.dll'.
Warning: Cannot locate debugging information for file `C:\Program Files (x86)\Intel\oneAPI\advisor\2021.2.0\bin64\runtime\libittnotify.dll'.
Resolving information for `ucrtbased.dll'
Resolving information for dangling locations
Warning: Cannot locate debugging information for file `C:\WINDOWS\SYSTEM32\ucrtbased.dll'.
Resolving information for `tpsstool.dll'
Resolving information for `KERNELBASE.dll'
Resolving information for `MSVCP140D.dll'
Warning: Cannot locate debugging information for file `C:\WINDOWS\SYSTEM32\MSVCP140D.dll'.
Warning: Cannot locate debugging information for file `C:\WINDOWS\System32\KERNELBASE.dll'.
Warning: Cannot locate debugging information for file `C:\Program Files (x86)\Intel\oneAPI\advisor\2021.2.0\bin64\tpsstool.dll'.
Resolving information for `KERNEL32.DLL'
Warning: Cannot locate debugging information for file `C:\WINDOWS\System32\KERNEL32.DLL'.
Resolving bottom user stack information
Resolving thread name information
Resolving call target names for dynamic code
Symbol resolution has been finished, elapsed time is 3.618 seconds.
Processing profile metrics and debug information
Deferred data transformations have been finished, elapsed time is 0.071 seconds.
Setting data model parameters
Data model parameters have been set, elapsed time is 0.077 seconds.
Precomputing frequently used data
Precomputing frequently used data
Updating precomputed scalar metrics
Precomputing frequently used data has been finished, elapsed time is 0.164 seconds.
Discarding redundant overtime data
Saving the result
Redundant overtime data has been discarded, elapsed time is 0.052 seconds.
Raw collector data has been discarded, elapsed time is 0.000 seconds.
Finalizing the result took 6.741 seconds.
Preparing data for display of survey call tree
Resolving module symbols
Resolving bottom user stack information
Resolving thread name information
Resolving call target names for dynamic code
Precomputing frequently used data
