Collection status has changed. 1
Collection has been started.
Collection has stopped. Application exit code:  0
Finalizing results
Finalizing the result
Clearing the database
The database has been cleared, elapsed time is 1.416 seconds.
Loading raw data to the database
Loading 'systemcollector-27276-HP.sc' file
Loading '20648-26500.0.trace' file
Finalization may slow down when loading files from the symbol server specified in the project properties.
Updating precomputed scalar metrics
Raw data has been loaded to the database, elapsed time is 0.606 seconds.
Processing profile metrics and debug information
Data transformations have been finished, elapsed time is 0.012 seconds.
Setting data model parameters
Resolving module symbols
Resolving information for `ucrtbased.dll'
Resolving information for `kernel32.dll'
Resolving information for `DZ3.exe'
Resolving information for `ntdll.dll'
Warning: Cannot locate debugging information for file `C:\Windows\SysWOW64\kernel32.dll'.
Warning: Cannot locate debugging information for file `C:\Windows\SysWOW64\ucrtbased.dll'.
Warning: Cannot locate debugging information for file `C:\Windows\SysWOW64\ntdll.dll'.
Resolving information for `KernelBase.dll'
Resolving information for `msvcp140d.dll'
Warning: Cannot locate debugging information for file `C:\Windows\SysWOW64\KernelBase.dll'.
Warning: Cannot locate debugging information for file `C:\Windows\SysWOW64\msvcp140d.dll'.
Resolving bottom user stack information
Resolving thread name information
Resolving call target names for dynamic code
Symbol resolution has been finished, elapsed time is 3.093 seconds.
Processing profile metrics and debug information
Deferred data transformations have been finished, elapsed time is 0.087 seconds.
Setting data model parameters
Data model parameters have been set, elapsed time is 0.082 seconds.
Precomputing frequently used data
Precomputing frequently used data
Updating precomputed scalar metrics
Precomputing frequently used data has been finished, elapsed time is 0.158 seconds.
Discarding redundant overtime data
Saving the result
Redundant overtime data has been discarded, elapsed time is 0.048 seconds.
Raw collector data has been discarded, elapsed time is 0.000 seconds.
Finalizing the result took 6.293 seconds.
Preparing data for display of survey call tree
Resolving module symbols
Resolving information for dangling locations
Resolving bottom user stack information
Resolving thread name information
Resolving call target names for dynamic code
Precomputing frequently used data
