396 [22296] INFO perfrun.launcher <> - Launcher main begin
414 [22296] INFO perfrun.launcher <> - MessageCatalogInit finished
414 [22296] INFO perfrun.launcher <> - Launcher instance created
415 [22296] INFO perfrun.launcher <> - argc = 6; cmdline = C:\Program Files (x86)\Intel\oneAPI\advisor\2021.2.0\bin64\advixe-runss.exe --ui-output-format xml --ui-output-fd 5168 --context-value-list 
492 [22296] INFO perfrun.launcher <> - New signal handler callback was added
517 [22296] INFO perfrun.launcher <> - plugin remoteplug has been added successfully
524 [22296] INFO perfrun.launcher <> - plugin system has been added successfully
524 [22296] INFO perfrun.launcher <> - plugin  has been added successfully
525 [22296] INFO perfrun.launcher <> - plugin itt has been added successfully
525 [22296] INFO perfrun.launcher <> - plugin  has been added successfully
525 [22296] INFO perfrun.launcher <> - plugin gpu has been added successfully
525 [22296] INFO perfrun.launcher <> - plugin  has been added successfully
525 [22296] INFO perfrun.launcher <> - plugin  has been added successfully
525 [22296] INFO perfrun.launcher <> - plugin  has been added successfully
525 [22296] INFO perfrun.launcher <> - plugin mrte has been added successfully
525 [22296] INFO perfrun.launcher <> - plugin  has been added successfully
525 [22296] INFO perfrun.launcher <> - plugin  has been added successfully
526 [22296] INFO perfrun.launcher <> - plugin  has been added successfully
526 [22296] INFO perfrun.launcher <> - plugin  has been added successfully
526 [22296] INFO perfrun.launcher <> - plugin  has been added successfully
526 [22296] INFO perfrun.launcher <> - plugin  has been added successfully
526 [22296] INFO perfrun.launcher <> - plugin  has been added successfully
543 [22296] INFO perfrun.launcher <> - plugin tpss has been added successfully
543 [22296] INFO perfrun.launcher <> - plugin  has been added successfully
543 [22296] INFO perfrun.launcher <> - plugin  has been added successfully
543 [22296] INFO perfrun.launcher <> - plugin  has been added successfully
543 [22296] INFO perfrun.launcher <> - plugin  has been added successfully
543 [22296] INFO perfrun.launcher <> - plugin  has been added successfully
543 [22296] INFO perfrun.launcher <> - plugin  has been added successfully
543 [22296] INFO perfrun.launcher <> - plugin  has been added successfully
543 [22296] INFO perfrun.launcher <> - plugin  has been added successfully
543 [22296] INFO perfrun.launcher <> - plugin  has been added successfully
544 [22296] INFO perfrun.launcher <> - plugin  has been added successfully
545 [22296] INFO perfrun.launcher <> - the option was added --interval: Specify an interval of data collection (for example, sampling) in milliseconds.
545 [22296] INFO perfrun.launcher <> - the option was added --follow-child: Profile process with or without children.
545 [22296] INFO perfrun.launcher <> - the option was added --gelding: BADMSG: perfrun1.launcher.plugin_manager::gelding
546 [22296] INFO perfrun.launcher <> - the option was added --time-source: Specify time source for measurement. Possible values: sys - wall clock time; tsc - time stamp counter; ext - time from an external source; auto - auto select accurate time source.
546 [22296] INFO perfrun.launcher <> - the option was added --stack: Enable or disable collection of stacks.
546 [22296] INFO perfrun.launcher <> - the option was added --stack-stitching: Enable or disable the stack stitching algorithm for Intel TBB-based applications.
546 [22296] INFO perfrun.launcher <> - the option was added --type: Specify type of data to be collected. For example, --type cpu:counters,waiting:nostack,io.
546 [22296] INFO perfrun.launcher <> - the option was added --mrte-mode: Specify Java/.NET/other managed runtime collection mode. Possible values: native - collect information only for native code; managed - collect information only for managed code; mixed - collect information for both managed and native code; auto - choose the mode based on binary type.
547 [22296] INFO perfrun.launcher <> - the option was added --mrte-mode-list: List supported Java/.NET/other managed runtime collection modes.
547 [22296] INFO perfrun.launcher <> - the option was added --mrte-type: Specify which managed runtimes to collect. Possible values: java - collect information for Java; dotnet - collect information for .NET; python - collect information for CPython. You can specify several values separated by comma.
547 [22296] INFO perfrun.launcher <> - the option was added --mrte-type-list: List supported Java/.NET/other managed runtime types.
548 [22296] INFO perfrun.launcher <> - the option was added --trace-strategy: Specify how to profile a process tree. <string> can be "<process>:trace:notrace" - profile the process but do not profile its children. Shorthand parameters: t - trace, nt - notrace. For example, "vtunedemo.exe:t:t".
548 [22296] INFO perfrun.launcher <> - the option was added --collector: BADMSG: perfrun1.launcher.plugin_manager::collector
548 [22296] INFO perfrun.launcher <> - the option was added --system-wide: Enable system-wide profiling. This mode may require additional permissions.
548 [22296] INFO perfrun.launcher <> - the option was added --kvm-guest: Enable KVM guest OS profiling.
549 [22296] INFO perfrun.launcher <> - the option was added --kvm-guest-kallsyms: Specify a local path to the /proc/kallsyms file copied from the guest OS for proper symbol resolution.
549 [22296] INFO perfrun.launcher <> - the option was added --kvm-guest-modules: Specify a local path to the /proc/modules file copied from the guest OS for proper symbol resolution.
549 [22296] INFO perfrun.launcher <> - the option was added --bandwidth-limits: Measure bandwidth limits
550 [22296] INFO perfrun.launcher <> - the option was added --bandwidth-strategy: Bandwidth limits determination specific properties (example: --bandwidth-strategy array-size=0,duration=500).
550 [22296] INFO perfrun.launcher <> - the option was added --bandwidth-config: List of benchmarks to run.
550 [22296] INFO perfrun.launcher <> - the option was added --system-collector-config: Specify subcollectors. Possible values: all, container, device-info, none.
551 [22296] INFO perfrun.launcher <> - the option was added --target-gpu: target-gpu
551 [22296] INFO perfrun.launcher <> - the option was added --itt-config: Specify a sub-set of ITT API to collect.
551 [22296] INFO perfrun.launcher <> - the option was added --itt-debug: Set pseudo-breakpoint at ITT API collector's start to enable the debugger to attach early.
552 [22296] INFO perfrun.launcher <> - the option was added --gpu-config: Specify types of GPU data to be collected. Possible values: preset1, preset2.
552 [22296] INFO perfrun.launcher <> - the option was added --gpu-counting: Collect GPU data in the counting mode.
552 [22296] INFO perfrun.launcher <> - the option was added --gpu-sampling-interval: Specify counters sampling interval for GPU.
552 [22296] INFO perfrun.launcher <> - the option was added --stackwalk: Specify stack unwinding method. Possible values: online - unwind stacks during collection; offline - unwind stacks after collection is finished.
553 [22296] INFO perfrun.launcher <> - the option was added --filter-include: Filter data during collection. Possible values: contended=<on|off> - filter out uncontended events; contended_nostack=<time> - filter out stacks for contended events that take less than <time> microseconds; wait=<time> - ignore transitions and blocks with wait time less than <time> microseconds; wait_nostack=<time> - filter out stacks for waits that take less than <time> microseconds.
553 [22296] INFO perfrun.launcher <> - the option was added --debug-pin: Debug PIN tool and runtime.
553 [22296] INFO perfrun.launcher <> - the option was added --debug-exception: Disallow the application to set own abnormal termination handler.
554 [22296] INFO perfrun.launcher <> - the option was added --trace-type: Specify the trace file granularity. Possible values: per-thread - per-thread trace file generation; per-process - per-process trace file generation.
554 [22296] INFO perfrun.launcher <> - the option was added --instrumentation-type: Specify type of instrumentation.
554 [22296] INFO perfrun.launcher <> - the option was added --guard-pulse-event: Enable handling of PulseEvent API in order not to miss signals made by the API during Hotspots collection.
554 [22296] INFO perfrun.launcher <> - the option was added --memory-strategy: Specify a minimal memory object size to be traced and a hash table size for faster objects search; for example: --memory-strategy obj-size-min=1024,hash-table-size=4096.
555 [22296] INFO perfrun.launcher <> - the option was added --gpu-profiling-type: Specify a type of deep GPU profiling: none, bblatency, memlatency, instcount.
555 [22296] INFO perfrun.launcher <> - the option was added --opencl-trace-mode: Specify OpenCL kernel tracing modes: 'default' to trace OpenCL kernels for Intel Graphics Driver only; 'epoch' for any non-Intel graphics, where OpenCL kernels will be traced and OpenCL profiling API timestamps will be interpreted as Unux Epoch time in nanoseconds; 'completion' to trace OpenCL kernels for any Graphics Driver and bind OpenCL profiling API timestamps to the timestamp of OpenCL completion callback.
555 [22296] INFO perfrun.launcher <> - the option was added --gpu-kernels-to-profile: Specify a comma-separated list of GPU kernel names and invocations to be profiled in the following format: kernel_name[#start_idx#step#stop_idx], where kernel_name is the name of GPU kernel; start_idx is the number of the first invocation; and stop_idx is the number of the last invocation to be profiled.
558 [22296] INFO perfrun.launcher <> - create msngr2::ICliToolContext
559 [22296] INFO perfrun.launcher <> - create file finder object
829 [22296] INFO perfrun.launcher <> - Put into the variant bag the context value: name = targetOS; value = Windows
829 [22296] INFO perfrun.launcher <> - Put into the variant bag the context value: name = OS; value = Windows
830 [22296] INFO perfrun.launcher <> - Put into the variant bag the context value: name = OSBuildNumber; value = 19043
830 [22296] INFO perfrun.launcher <> - Put into the variant bag the context value: name = OSBitness; value = 64
830 [22296] INFO perfrun.launcher <> - Put into the variant bag the context value: name = AdministratorPrivileges; value = false
831 [22296] INFO perfrun.launcher <> - Put into the variant bag the context value: name = isPtraceScopeLimited; value = false
831 [22296] INFO perfrun.launcher <> - Put into the variant bag the context value: name = isCATSupportedByCPU; value = false
831 [22296] INFO perfrun.launcher <> - Put into the variant bag the context value: name = isL3MonitoringSupportedByCPU; value = false
831 [22296] INFO perfrun.launcher <> - Put into the variant bag the context value: name = isTSXAvailable; value = false
832 [22296] INFO perfrun.launcher <> - Put into the variant bag the context value: name = isPTAvailable; value = false
832 [22296] INFO perfrun.launcher <> - Put into the variant bag the context value: name = isHTEnabled; value = true
832 [22296] INFO perfrun.launcher <> - Put into the variant bag the context value: name = fpgaOnBoard; value = None
832 [22296] INFO perfrun.launcher <> - Put into the variant bag the context value: name = omniPathOnBoard; value = None
833 [22296] INFO perfrun.launcher <> - Put into the variant bag the context value: name = pciClassParts; value = 
833 [22296] INFO perfrun.launcher <> - Put into the variant bag the context value: name = isSGXAvailable; value = false
833 [22296] INFO perfrun.launcher <> - Put into the variant bag the context value: name = Hypervisor; value = Microsoft Hv
834 [22296] INFO perfrun.launcher <> - Put into the variant bag the context value: name = PerfmonVersion; value = 4
834 [22296] INFO perfrun.launcher <> - Put into the variant bag the context value: name = isMaxDRAMBandwidthMeasurementSupported; value = false
834 [22296] INFO perfrun.launcher <> - Put into the variant bag the context value: name = tidValuesForIO; value = 
835 [22296] INFO perfrun.launcher <> - Put into the variant bag the context value: name = preferedGpuAdapter; value = 0:0:2.0
835 [22296] INFO perfrun.launcher <> - Put into the variant bag the context value: name = gpuAdapterNameList; value = 0:0:2.0|Intel(R) HD Graphics 520;
835 [22296] INFO perfrun.launcher <> - Put into the variant bag the context value: name = gpuAdapterTileNameList; value = 0:0:2.0|Intel(R) HD Graphics 520|0,;
836 [22296] INFO perfrun.launcher <> - Put into the variant bag the context value: name = areGpuHardwareMetricsAvailableList; value = 0:0:2.0|true;
838 [22296] INFO perfrun.launcher <> - Put into the variant bag the context value: name = gpuPlatformIndexList; value = 0:0:2.0|7;
839 [22296] INFO perfrun.launcher <> - Put into the variant bag the context value: name = isTPSSAvailable; value = true
839 [22296] INFO perfrun.launcher <> - Put into the variant bag the context value: name = isPytraceAvailable; value = true
840 [22296] INFO perfrun.launcher <> - Put into the variant bag the context value: name = isGENDebugInfoAvailableList; value = 0:0:2.0|true;
840 [22296] INFO perfrun.launcher <> - Put into the variant bag the context value: name = isGTPinCollectionAvailableList; value = 0:0:2.0|true;
840 [22296] INFO perfrun.launcher <> - Put into the variant bag the context value: name = forceShowInlines; value = false
841 [22296] INFO perfrun.launcher <> - Application exit code: 0
841 [22296] INFO perfrun.launcher <> - Exit code: 0
