<?xml version="1.0" encoding="UTF-8"?>
<feedback>
 <message severity="info">Analysis started...</message>
 <nop/>
 <message severity="info">Result file: C:\Users\HP\Desktop\GitHub\application-programming-on-the-IPS-system\DZ4\My Inspector Results - DZ4\r000mi1\r000mi1.inspxe </message>
 <nop/>
 <message severity="info">Analysis started for c:\users\hp\desktop\github\application-programming-on-the-ips-system\dz4\release\dz4.exe (pid = 10964) </message>
 <nop/>
 <message severity="info">Loaded module: c:\users\hp\desktop\github\application-programming-on-the-ips-system\dz4\release\dz4.exe, address range [0xf30000-0xf37fff] </message>
 <nop/>
 <message severity="info">Loaded module: c:\windows\syswow64\kernel32.dll, address range [0x75bd0000-0x75cbffff], minimal analysis </message>
 <nop/>
 <message severity="info">Loaded module: c:\windows\syswow64\kernelbase.dll, address range [0x76500000-0x76713fff], minimal analysis </message>
 <nop/>
 <message severity="info">Loaded module: c:\windows\syswow64\ntdll.dll, address range [0x77630000-0x777d2fff], minimal analysis </message>
 <nop/>
 <message severity="info">Loaded module: c:\program files (x86)\intel\oneapi\inspector\2021.2.0\bin32\dnclrprofinfo.dll, address range [0x7c060000-0x7c0adfff], minimal analysis </message>
 <nop/>
 <message severity="info">Loaded module: c:\windows\syswow64\ucrtbase.dll, address range [0x75f20000-0x7603ffff] </message>
 <nop/>
 <message severity="info">Loaded module: c:\windows\syswow64\msvcp140.dll, address range [0x3520000-0x358cfff] </message>
 <nop/>
 <message severity="info">Loaded module: c:\windows\syswow64\vcruntime140.dll, address range [0x74a50000-0x74a63fff] </message>
 <nop/>
 <message severity="info">Loaded module: c:\windows\syswow64\kernel.appcore.dll, address range [0x750b0000-0x750befff] </message>
 <nop/>
 <message severity="info">Loaded module: c:\windows\syswow64\msvcrt.dll, address range [0x75950000-0x75a0efff], minimal analysis </message>
 <nop/>
 <message severity="info">Loaded module: c:\windows\syswow64\rpcrt4.dll, address range [0x75d30000-0x75deffff], minimal analysis </message>
 <nop/>
 <message severity="info">Process c:\users\hp\desktop\github\application-programming-on-the-ips-system\dz4\release\dz4.exe exited with code 0. Leak analysis starting. Please wait... </message>
 <nop/>
 <message severity="info">Completed analysis for c:\users\hp\desktop\github\application-programming-on-the-ips-system\dz4\release\dz4.exe </message>
 <nop/>
 <message severity="info">Application exit code: 0 </message>
 <nop/>
 <message severity="info">Result file: C:\Users\HP\Desktop\GitHub\application-programming-on-the-IPS-system\DZ4\My Inspector Results - DZ4\r000mi1\r000mi1.inspxe </message>
 <nop/>
 <message severity="info">Analysis completed</message>
 <nop/>
</feedback>
